2021-03-19 10:27:16.769  INFO 10328 --- [main] c.v.s.SpringBootAngularDeviceApplication : Starting SpringBootAngularDeviceApplication using Java 11.0.2 on DESKTOP-RUU06B6 with PID 10328 (C:\Users\KIP-PC99\IdeaProjects\spring-boot-angular-device\target\classes started by KIP-PC99 in C:\Users\KIP-PC99\IdeaProjects\spring-boot-angular-device)
2021-03-19 10:27:16.789  INFO 10328 --- [main] c.v.s.SpringBootAngularDeviceApplication : No active profile set, falling back to default profiles: default
2021-03-19 10:27:18.493  INFO 10328 --- [main] o.s.b.w.embedded.tomcat.TomcatWebServer  : Tomcat initialized with port(s): 8080 (http)
2021-03-19 10:27:18.507  INFO 10328 --- [main] o.apache.catalina.core.StandardService   : Starting service [Tomcat]
2021-03-19 10:27:18.508  INFO 10328 --- [main] org.apache.catalina.core.StandardEngine  : Starting Servlet engine: [Apache Tomcat/9.0.43]
2021-03-19 10:27:18.629  INFO 10328 --- [main] o.a.c.c.C.[Tomcat].[localhost].[/]       : Initializing Spring embedded WebApplicationContext
2021-03-19 10:27:18.630  INFO 10328 --- [main] w.s.c.ServletWebServerApplicationContext : Root WebApplicationContext: initialization completed in 1694 ms
2021-03-19 10:27:18.797  INFO 10328 --- [main] o.s.s.concurrent.ThreadPoolTaskExecutor  : Initializing ExecutorService 'clientInboundChannelExecutor'
2021-03-19 10:27:18.804  INFO 10328 --- [main] o.s.s.concurrent.ThreadPoolTaskExecutor  : Initializing ExecutorService 'clientOutboundChannelExecutor'
2021-03-19 10:27:18.847  INFO 10328 --- [main] o.s.s.c.ThreadPoolTaskScheduler          : Initializing ExecutorService 'messageBrokerTaskScheduler'
2021-03-19 10:27:18.904  INFO 10328 --- [main] o.s.s.concurrent.ThreadPoolTaskExecutor  : Initializing ExecutorService 'brokerChannelExecutor'
2021-03-19 10:27:19.353  INFO 10328 --- [main] .s.s.UserDetailsServiceAutoConfiguration : 

Using generated security password: 09e310e1-6a42-4b9c-8eea-0d45df0a93e2

2021-03-19 10:27:19.489  INFO 10328 --- [main] o.s.s.web.DefaultSecurityFilterChain     : Will secure any request with [org.springframework.security.web.context.request.async.WebAsyncManagerIntegrationFilter@7fedb795, org.springframework.security.web.context.SecurityContextPersistenceFilter@7e1ffe70, org.springframework.security.web.header.HeaderWriterFilter@1536ea40, org.springframework.security.web.csrf.CsrfFilter@3281dfc2, org.springframework.security.web.authentication.logout.LogoutFilter@3332c7a5, org.springframework.security.web.authentication.UsernamePasswordAuthenticationFilter@78910096, org.springframework.security.web.authentication.ui.DefaultLoginPageGeneratingFilter@2accaec2, org.springframework.security.web.authentication.ui.DefaultLogoutPageGeneratingFilter@10850d17, org.springframework.security.web.authentication.www.BasicAuthenticationFilter@79e7188e, org.springframework.security.web.savedrequest.RequestCacheAwareFilter@1235151c, org.springframework.security.web.servletapi.SecurityContextHolderAwareRequestFilter@6d672bd4, org.springframework.security.web.authentication.AnonymousAuthenticationFilter@51e754e1, org.springframework.security.web.session.SessionManagementFilter@7792d851, org.springframework.security.web.access.ExceptionTranslationFilter@4f379769, org.springframework.security.web.access.intercept.FilterSecurityInterceptor@25ffd826]
2021-03-19 10:27:19.585  INFO 10328 --- [main] o.s.b.w.embedded.tomcat.TomcatWebServer  : Tomcat started on port(s): 8080 (http) with context path ''
2021-03-19 10:27:19.588  INFO 10328 --- [main] o.s.m.s.b.SimpleBrokerMessageHandler     : Starting...
2021-03-19 10:27:19.589  INFO 10328 --- [main] o.s.m.s.b.SimpleBrokerMessageHandler     : BrokerAvailabilityEvent[available=true, SimpleBrokerMessageHandler [org.springframework.messaging.simp.broker.DefaultSubscriptionRegistry@3249e278]]
2021-03-19 10:27:19.591  INFO 10328 --- [main] o.s.m.s.b.SimpleBrokerMessageHandler     : Started.
2021-03-19 10:27:19.613  INFO 10328 --- [main] c.v.s.SpringBootAngularDeviceApplication : Started SpringBootAngularDeviceApplication in 3.751 seconds (JVM running for 6.048)
2021-03-19 10:28:18.934  INFO 10328 --- [MessageBroker-1] o.s.w.s.c.WebSocketMessageBrokerStats    : WebSocketSession[0 current WS(0)-HttpStream(0)-HttpPoll(0), 0 total, 0 closed abnormally (0 connect failure, 0 send limit, 0 transport error)], stompSubProtocol[processed CONNECT(0)-CONNECTED(0)-DISCONNECT(0)], stompBrokerRelay[null], inboundChannel[pool size = 0, active threads = 0, queued tasks = 0, completed tasks = 0], outboundChannel[pool size = 0, active threads = 0, queued tasks = 0, completed tasks = 0], sockJsScheduler[pool size = 1, active threads = 1, queued tasks = 0, completed tasks = 0]
2021-03-19 10:28:26.704  INFO 10328 --- [http-nio-8080-exec-1] o.a.c.c.C.[Tomcat].[localhost].[/]       : Initializing Spring DispatcherServlet 'dispatcherServlet'
2021-03-19 10:28:26.705  INFO 10328 --- [http-nio-8080-exec-1] o.s.web.servlet.DispatcherServlet        : Initializing Servlet 'dispatcherServlet'
2021-03-19 10:28:26.709  INFO 10328 --- [http-nio-8080-exec-1] o.s.web.servlet.DispatcherServlet        : Completed initialization in 4 ms
2021-03-19 10:28:27.239  WARN 10328 --- [http-nio-8080-exec-1] o.a.c.util.SessionIdGeneratorBase        : Creation of SecureRandom instance for session ID generation using [SHA1PRNG] took [417] milliseconds.
2021-03-19 10:30:36.724  INFO 1356 --- [main] c.v.s.SpringBootAngularDeviceApplication : Starting SpringBootAngularDeviceApplication using Java 11.0.2 on DESKTOP-RUU06B6 with PID 1356 (C:\Users\KIP-PC99\IdeaProjects\spring-boot-angular-device\target\classes started by KIP-PC99 in C:\Users\KIP-PC99\IdeaProjects\spring-boot-angular-device)
2021-03-19 10:30:36.729  INFO 1356 --- [main] c.v.s.SpringBootAngularDeviceApplication : No active profile set, falling back to default profiles: default
2021-03-19 10:30:38.363  INFO 1356 --- [main] o.s.b.w.embedded.tomcat.TomcatWebServer  : Tomcat initialized with port(s): 8080 (http)
2021-03-19 10:30:38.376  INFO 1356 --- [main] o.apache.catalina.core.StandardService   : Starting service [Tomcat]
2021-03-19 10:30:38.377  INFO 1356 --- [main] org.apache.catalina.core.StandardEngine  : Starting Servlet engine: [Apache Tomcat/9.0.43]
2021-03-19 10:30:38.498  INFO 1356 --- [main] o.a.c.c.C.[Tomcat].[localhost].[/]       : Initializing Spring embedded WebApplicationContext
2021-03-19 10:30:38.498  INFO 1356 --- [main] w.s.c.ServletWebServerApplicationContext : Root WebApplicationContext: initialization completed in 1665 ms
2021-03-19 10:30:38.657  INFO 1356 --- [main] o.s.s.concurrent.ThreadPoolTaskExecutor  : Initializing ExecutorService 'clientInboundChannelExecutor'
2021-03-19 10:30:38.665  INFO 1356 --- [main] o.s.s.concurrent.ThreadPoolTaskExecutor  : Initializing ExecutorService 'clientOutboundChannelExecutor'
2021-03-19 10:30:38.708  INFO 1356 --- [main] o.s.s.c.ThreadPoolTaskScheduler          : Initializing ExecutorService 'messageBrokerTaskScheduler'
2021-03-19 10:30:38.774  INFO 1356 --- [main] o.s.s.concurrent.ThreadPoolTaskExecutor  : Initializing ExecutorService 'brokerChannelExecutor'
2021-03-19 10:30:39.205  INFO 1356 --- [main] .s.s.UserDetailsServiceAutoConfiguration : 

Using generated security password: ce934c2e-8158-40f6-b71d-33e93e072acc

2021-03-19 10:30:39.320  INFO 1356 --- [main] o.s.s.web.DefaultSecurityFilterChain     : Will secure any request with [org.springframework.security.web.context.request.async.WebAsyncManagerIntegrationFilter@4a1a256d, org.springframework.security.web.context.SecurityContextPersistenceFilter@664632e9, org.springframework.security.web.header.HeaderWriterFilter@7b25ab31, org.springframework.security.web.csrf.CsrfFilter@746c411c, org.springframework.security.web.authentication.logout.LogoutFilter@3a479fda, org.springframework.security.web.authentication.UsernamePasswordAuthenticationFilter@77f4c040, org.springframework.security.web.authentication.ui.DefaultLoginPageGeneratingFilter@8a6631b, org.springframework.security.web.authentication.ui.DefaultLogoutPageGeneratingFilter@4cb957b8, org.springframework.security.web.authentication.www.BasicAuthenticationFilter@78910096, org.springframework.security.web.savedrequest.RequestCacheAwareFilter@4f379769, org.springframework.security.web.servletapi.SecurityContextHolderAwareRequestFilter@1536ea40, org.springframework.security.web.authentication.AnonymousAuthenticationFilter@3cdc7b09, org.springframework.security.web.session.SessionManagementFilter@68ddd415, org.springframework.security.web.access.ExceptionTranslationFilter@5eabff6b, org.springframework.security.web.access.intercept.FilterSecurityInterceptor@6babffb5]
2021-03-19 10:30:39.411  INFO 1356 --- [main] o.s.b.w.embedded.tomcat.TomcatWebServer  : Tomcat started on port(s): 8080 (http) with context path ''
2021-03-19 10:30:39.418  INFO 1356 --- [main] o.s.m.s.b.SimpleBrokerMessageHandler     : Starting...
2021-03-19 10:30:39.427  INFO 1356 --- [main] o.s.m.s.b.SimpleBrokerMessageHandler     : BrokerAvailabilityEvent[available=true, SimpleBrokerMessageHandler [org.springframework.messaging.simp.broker.DefaultSubscriptionRegistry@2c719bd4]]
2021-03-19 10:30:39.433  INFO 1356 --- [main] o.s.m.s.b.SimpleBrokerMessageHandler     : Started.
2021-03-19 10:30:39.485  INFO 1356 --- [main] c.v.s.SpringBootAngularDeviceApplication : Started SpringBootAngularDeviceApplication in 3.533 seconds (JVM running for 5.682)
2021-03-19 10:31:00.415  INFO 1356 --- [http-nio-8080-exec-1] o.a.c.c.C.[Tomcat].[localhost].[/]       : Initializing Spring DispatcherServlet 'dispatcherServlet'
2021-03-19 10:31:00.417  INFO 1356 --- [http-nio-8080-exec-1] o.s.web.servlet.DispatcherServlet        : Initializing Servlet 'dispatcherServlet'
2021-03-19 10:31:00.445  INFO 1356 --- [http-nio-8080-exec-1] o.s.web.servlet.DispatcherServlet        : Completed initialization in 4 ms
2021-03-19 10:31:00.919  WARN 1356 --- [http-nio-8080-exec-1] o.a.c.util.SessionIdGeneratorBase        : Creation of SecureRandom instance for session ID generation using [SHA1PRNG] took [287] milliseconds.
2021-03-19 10:31:44.949  INFO 4864 --- [main] c.v.s.SpringBootAngularDeviceApplication : Starting SpringBootAngularDeviceApplication using Java 11.0.2 on DESKTOP-RUU06B6 with PID 4864 (C:\Users\KIP-PC99\IdeaProjects\spring-boot-angular-device\target\classes started by KIP-PC99 in C:\Users\KIP-PC99\IdeaProjects\spring-boot-angular-device)
2021-03-19 10:31:44.957  INFO 4864 --- [main] c.v.s.SpringBootAngularDeviceApplication : No active profile set, falling back to default profiles: default
2021-03-19 10:31:46.830  INFO 4864 --- [main] o.s.b.w.embedded.tomcat.TomcatWebServer  : Tomcat initialized with port(s): 8080 (http)
2021-03-19 10:31:46.843  INFO 4864 --- [main] o.apache.catalina.core.StandardService   : Starting service [Tomcat]
2021-03-19 10:31:46.844  INFO 4864 --- [main] org.apache.catalina.core.StandardEngine  : Starting Servlet engine: [Apache Tomcat/9.0.43]
2021-03-19 10:31:46.961  INFO 4864 --- [main] o.a.c.c.C.[Tomcat].[localhost].[/]       : Initializing Spring embedded WebApplicationContext
2021-03-19 10:31:46.962  INFO 4864 --- [main] w.s.c.ServletWebServerApplicationContext : Root WebApplicationContext: initialization completed in 1897 ms
2021-03-19 10:31:47.098  INFO 4864 --- [main] o.s.s.concurrent.ThreadPoolTaskExecutor  : Initializing ExecutorService 'clientInboundChannelExecutor'
2021-03-19 10:31:47.106  INFO 4864 --- [main] o.s.s.concurrent.ThreadPoolTaskExecutor  : Initializing ExecutorService 'clientOutboundChannelExecutor'
2021-03-19 10:31:47.131  INFO 4864 --- [main] o.s.s.c.ThreadPoolTaskScheduler          : Initializing ExecutorService 'messageBrokerTaskScheduler'
2021-03-19 10:31:47.205  INFO 4864 --- [main] o.s.s.concurrent.ThreadPoolTaskExecutor  : Initializing ExecutorService 'brokerChannelExecutor'
2021-03-19 10:31:47.625  INFO 4864 --- [main] .s.s.UserDetailsServiceAutoConfiguration : 

Using generated security password: 6d46718d-0b19-42d3-8d52-7e6f1664c7de

2021-03-19 10:31:47.742  INFO 4864 --- [main] o.s.s.web.DefaultSecurityFilterChain     : Will secure any request with [org.springframework.security.web.context.request.async.WebAsyncManagerIntegrationFilter@5ae1c281, org.springframework.security.web.context.SecurityContextPersistenceFilter@5d512ddb, org.springframework.security.web.header.HeaderWriterFilter@47272cd3, org.springframework.security.web.csrf.CsrfFilter@413bef78, org.springframework.security.web.authentication.logout.LogoutFilter@20c812c8, org.springframework.security.web.authentication.UsernamePasswordAuthenticationFilter@4be0a27d, org.springframework.security.web.authentication.ui.DefaultLoginPageGeneratingFilter@71aaf151, org.springframework.security.web.authentication.ui.DefaultLogoutPageGeneratingFilter@4ac8768e, org.springframework.security.web.authentication.www.BasicAuthenticationFilter@4a9860, org.springframework.security.web.savedrequest.RequestCacheAwareFilter@4de79b7d, org.springframework.security.web.servletapi.SecurityContextHolderAwareRequestFilter@2839e3c8, org.springframework.security.web.authentication.AnonymousAuthenticationFilter@1e957e2f, org.springframework.security.web.session.SessionManagementFilter@32f1fafe, org.springframework.security.web.access.ExceptionTranslationFilter@2272cbb0, org.springframework.security.web.access.intercept.FilterSecurityInterceptor@1e225820]
2021-03-19 10:31:47.829  INFO 4864 --- [main] o.s.b.w.embedded.tomcat.TomcatWebServer  : Tomcat started on port(s): 8080 (http) with context path ''
2021-03-19 10:31:47.843  INFO 4864 --- [main] o.s.m.s.b.SimpleBrokerMessageHandler     : Starting...
2021-03-19 10:31:47.844  INFO 4864 --- [main] o.s.m.s.b.SimpleBrokerMessageHandler     : BrokerAvailabilityEvent[available=true, SimpleBrokerMessageHandler [org.springframework.messaging.simp.broker.DefaultSubscriptionRegistry@4f116ca2]]
2021-03-19 10:31:47.846  INFO 4864 --- [main] o.s.m.s.b.SimpleBrokerMessageHandler     : Started.
2021-03-19 10:31:47.867  INFO 4864 --- [main] c.v.s.SpringBootAngularDeviceApplication : Started SpringBootAngularDeviceApplication in 3.684 seconds (JVM running for 5.682)
2021-03-19 10:31:54.708  INFO 4864 --- [http-nio-8080-exec-1] o.a.c.c.C.[Tomcat].[localhost].[/]       : Initializing Spring DispatcherServlet 'dispatcherServlet'
2021-03-19 10:31:54.716  INFO 4864 --- [http-nio-8080-exec-1] o.s.web.servlet.DispatcherServlet        : Initializing Servlet 'dispatcherServlet'
2021-03-19 10:31:54.742  INFO 4864 --- [http-nio-8080-exec-1] o.s.web.servlet.DispatcherServlet        : Completed initialization in 5 ms
2021-03-19 10:31:55.244  WARN 4864 --- [http-nio-8080-exec-1] o.a.c.util.SessionIdGeneratorBase        : Creation of SecureRandom instance for session ID generation using [SHA1PRNG] took [332] milliseconds.
2021-03-19 10:32:47.230  INFO 4864 --- [MessageBroker-1] o.s.w.s.c.WebSocketMessageBrokerStats    : WebSocketSession[0 current WS(0)-HttpStream(0)-HttpPoll(0), 0 total, 0 closed abnormally (0 connect failure, 0 send limit, 0 transport error)], stompSubProtocol[processed CONNECT(0)-CONNECTED(0)-DISCONNECT(0)], stompBrokerRelay[null], inboundChannel[pool size = 0, active threads = 0, queued tasks = 0, completed tasks = 0], outboundChannel[pool size = 0, active threads = 0, queued tasks = 0, completed tasks = 0], sockJsScheduler[pool size = 1, active threads = 1, queued tasks = 0, completed tasks = 0]
2021-03-19 10:34:42.489  INFO 6032 --- [main] c.v.s.SpringBootAngularDeviceApplication : Starting SpringBootAngularDeviceApplication using Java 11.0.2 on DESKTOP-RUU06B6 with PID 6032 (C:\Users\KIP-PC99\IdeaProjects\spring-boot-angular-device\target\classes started by KIP-PC99 in C:\Users\KIP-PC99\IdeaProjects\spring-boot-angular-device)
2021-03-19 10:34:42.495  INFO 6032 --- [main] c.v.s.SpringBootAngularDeviceApplication : No active profile set, falling back to default profiles: default
2021-03-19 10:34:44.116  INFO 6032 --- [main] o.s.b.w.embedded.tomcat.TomcatWebServer  : Tomcat initialized with port(s): 8080 (http)
2021-03-19 10:34:44.129  INFO 6032 --- [main] o.apache.catalina.core.StandardService   : Starting service [Tomcat]
2021-03-19 10:34:44.130  INFO 6032 --- [main] org.apache.catalina.core.StandardEngine  : Starting Servlet engine: [Apache Tomcat/9.0.43]
2021-03-19 10:34:44.233  INFO 6032 --- [main] o.a.c.c.C.[Tomcat].[localhost].[/]       : Initializing Spring embedded WebApplicationContext
2021-03-19 10:34:44.234  INFO 6032 --- [main] w.s.c.ServletWebServerApplicationContext : Root WebApplicationContext: initialization completed in 1637 ms
2021-03-19 10:34:44.347  INFO 6032 --- [main] o.s.s.concurrent.ThreadPoolTaskExecutor  : Initializing ExecutorService 'clientInboundChannelExecutor'
2021-03-19 10:34:44.352  INFO 6032 --- [main] o.s.s.concurrent.ThreadPoolTaskExecutor  : Initializing ExecutorService 'clientOutboundChannelExecutor'
2021-03-19 10:34:44.367  INFO 6032 --- [main] o.s.s.c.ThreadPoolTaskScheduler          : Initializing ExecutorService 'messageBrokerTaskScheduler'
2021-03-19 10:34:44.415  INFO 6032 --- [main] o.s.s.concurrent.ThreadPoolTaskExecutor  : Initializing ExecutorService 'brokerChannelExecutor'
2021-03-19 10:34:44.857  INFO 6032 --- [main] o.s.b.w.embedded.tomcat.TomcatWebServer  : Tomcat started on port(s): 8080 (http) with context path ''
2021-03-19 10:34:44.860  INFO 6032 --- [main] o.s.m.s.b.SimpleBrokerMessageHandler     : Starting...
2021-03-19 10:34:44.861  INFO 6032 --- [main] o.s.m.s.b.SimpleBrokerMessageHandler     : BrokerAvailabilityEvent[available=true, SimpleBrokerMessageHandler [org.springframework.messaging.simp.broker.DefaultSubscriptionRegistry@2c7db926]]
2021-03-19 10:34:44.862  INFO 6032 --- [main] o.s.m.s.b.SimpleBrokerMessageHandler     : Started.
2021-03-19 10:34:44.880  INFO 6032 --- [main] c.v.s.SpringBootAngularDeviceApplication : Started SpringBootAngularDeviceApplication in 3.25 seconds (JVM running for 6.021)
2021-03-19 10:35:31.372  INFO 6032 --- [http-nio-8080-exec-1] o.a.c.c.C.[Tomcat].[localhost].[/]       : Initializing Spring DispatcherServlet 'dispatcherServlet'
2021-03-19 10:35:31.374  INFO 6032 --- [http-nio-8080-exec-1] o.s.web.servlet.DispatcherServlet        : Initializing Servlet 'dispatcherServlet'
2021-03-19 10:35:31.376  INFO 6032 --- [http-nio-8080-exec-1] o.s.web.servlet.DispatcherServlet        : Completed initialization in 2 ms
2021-03-19 10:35:44.467  INFO 6032 --- [MessageBroker-4] o.s.w.s.c.WebSocketMessageBrokerStats    : WebSocketSession[1 current WS(1)-HttpStream(0)-HttpPoll(0), 1 total, 0 closed abnormally (0 connect failure, 0 send limit, 0 transport error)], stompSubProtocol[processed CONNECT(1)-CONNECTED(1)-DISCONNECT(0)], stompBrokerRelay[null], inboundChannel[pool size = 8, active threads = 0, queued tasks = 0, completed tasks = 9], outboundChannel[pool size = 1, active threads = 0, queued tasks = 0, completed tasks = 1], sockJsScheduler[pool size = 4, active threads = 1, queued tasks = 2, completed tasks = 3]
2021-03-19 10:36:09.029  INFO 13300 --- [main] c.v.s.SpringBootAngularDeviceApplication : Starting SpringBootAngularDeviceApplication using Java 11.0.2 on DESKTOP-RUU06B6 with PID 13300 (C:\Users\KIP-PC99\IdeaProjects\spring-boot-angular-device\target\classes started by KIP-PC99 in C:\Users\KIP-PC99\IdeaProjects\spring-boot-angular-device)
2021-03-19 10:36:09.034  INFO 13300 --- [main] c.v.s.SpringBootAngularDeviceApplication : No active profile set, falling back to default profiles: default
2021-03-19 10:36:10.616  INFO 13300 --- [main] o.s.b.w.embedded.tomcat.TomcatWebServer  : Tomcat initialized with port(s): 8080 (http)
2021-03-19 10:36:10.639  INFO 13300 --- [main] o.apache.catalina.core.StandardService   : Starting service [Tomcat]
2021-03-19 10:36:10.640  INFO 13300 --- [main] org.apache.catalina.core.StandardEngine  : Starting Servlet engine: [Apache Tomcat/9.0.43]
2021-03-19 10:36:10.758  INFO 13300 --- [main] o.a.c.c.C.[Tomcat].[localhost].[/]       : Initializing Spring embedded WebApplicationContext
2021-03-19 10:36:10.759  INFO 13300 --- [main] w.s.c.ServletWebServerApplicationContext : Root WebApplicationContext: initialization completed in 1622 ms
2021-03-19 10:36:10.900  INFO 13300 --- [main] o.s.s.concurrent.ThreadPoolTaskExecutor  : Initializing ExecutorService 'clientInboundChannelExecutor'
2021-03-19 10:36:10.906  INFO 13300 --- [main] o.s.s.concurrent.ThreadPoolTaskExecutor  : Initializing ExecutorService 'clientOutboundChannelExecutor'
2021-03-19 10:36:10.922  INFO 13300 --- [main] o.s.s.c.ThreadPoolTaskScheduler          : Initializing ExecutorService 'messageBrokerTaskScheduler'
2021-03-19 10:36:10.998  INFO 13300 --- [main] o.s.s.concurrent.ThreadPoolTaskExecutor  : Initializing ExecutorService 'brokerChannelExecutor'
2021-03-19 10:36:11.511  INFO 13300 --- [main] o.s.b.w.embedded.tomcat.TomcatWebServer  : Tomcat started on port(s): 8080 (http) with context path ''
2021-03-19 10:36:11.513  INFO 13300 --- [main] o.s.m.s.b.SimpleBrokerMessageHandler     : Starting...
2021-03-19 10:36:11.514  INFO 13300 --- [main] o.s.m.s.b.SimpleBrokerMessageHandler     : BrokerAvailabilityEvent[available=true, SimpleBrokerMessageHandler [org.springframework.messaging.simp.broker.DefaultSubscriptionRegistry@2db33feb]]
2021-03-19 10:36:11.517  INFO 13300 --- [main] o.s.m.s.b.SimpleBrokerMessageHandler     : Started.
2021-03-19 10:36:11.535  INFO 13300 --- [main] c.v.s.SpringBootAngularDeviceApplication : Started SpringBootAngularDeviceApplication in 3.302 seconds (JVM running for 5.185)
2021-03-19 10:36:18.862  INFO 13300 --- [http-nio-8080-exec-1] o.a.c.c.C.[Tomcat].[localhost].[/]       : Initializing Spring DispatcherServlet 'dispatcherServlet'
2021-03-19 10:36:18.864  INFO 13300 --- [http-nio-8080-exec-1] o.s.web.servlet.DispatcherServlet        : Initializing Servlet 'dispatcherServlet'
2021-03-19 10:36:18.868  INFO 13300 --- [http-nio-8080-exec-1] o.s.web.servlet.DispatcherServlet        : Completed initialization in 4 ms
2021-03-19 10:37:11.056  INFO 13300 --- [MessageBroker-4] o.s.w.s.c.WebSocketMessageBrokerStats    : WebSocketSession[1 current WS(1)-HttpStream(0)-HttpPoll(0), 1 total, 0 closed abnormally (0 connect failure, 0 send limit, 0 transport error)], stompSubProtocol[processed CONNECT(1)-CONNECTED(1)-DISCONNECT(0)], stompBrokerRelay[null], inboundChannel[pool size = 8, active threads = 0, queued tasks = 0, completed tasks = 15], outboundChannel[pool size = 1, active threads = 0, queued tasks = 0, completed tasks = 1], sockJsScheduler[pool size = 4, active threads = 1, queued tasks = 2, completed tasks = 13]
2021-03-19 10:49:48.111  INFO 10640 --- [main] c.v.s.SpringBootAngularDeviceApplication : Starting SpringBootAngularDeviceApplication using Java 11.0.2 on DESKTOP-RUU06B6 with PID 10640 (C:\Users\KIP-PC99\IdeaProjects\spring-boot-angular-device\target\classes started by KIP-PC99 in C:\Users\KIP-PC99\IdeaProjects\spring-boot-angular-device)
2021-03-19 10:49:48.117  INFO 10640 --- [main] c.v.s.SpringBootAngularDeviceApplication : No active profile set, falling back to default profiles: default
2021-03-19 10:49:50.327  INFO 10640 --- [main] o.s.b.w.embedded.tomcat.TomcatWebServer  : Tomcat initialized with port(s): 8080 (http)
2021-03-19 10:49:50.351  INFO 10640 --- [main] o.apache.catalina.core.StandardService   : Starting service [Tomcat]
2021-03-19 10:49:50.354  INFO 10640 --- [main] org.apache.catalina.core.StandardEngine  : Starting Servlet engine: [Apache Tomcat/9.0.43]
2021-03-19 10:49:50.564  INFO 10640 --- [main] o.a.c.c.C.[Tomcat].[localhost].[/]       : Initializing Spring embedded WebApplicationContext
2021-03-19 10:49:50.564  INFO 10640 --- [main] w.s.c.ServletWebServerApplicationContext : Root WebApplicationContext: initialization completed in 2275 ms
2021-03-19 10:49:50.807  INFO 10640 --- [main] o.s.s.concurrent.ThreadPoolTaskExecutor  : Initializing ExecutorService 'clientInboundChannelExecutor'
2021-03-19 10:49:50.823  INFO 10640 --- [main] o.s.s.concurrent.ThreadPoolTaskExecutor  : Initializing ExecutorService 'clientOutboundChannelExecutor'
2021-03-19 10:49:50.855  INFO 10640 --- [main] o.s.s.c.ThreadPoolTaskScheduler          : Initializing ExecutorService 'messageBrokerTaskScheduler'
2021-03-19 10:49:50.985  INFO 10640 --- [main] o.s.s.concurrent.ThreadPoolTaskExecutor  : Initializing ExecutorService 'brokerChannelExecutor'
2021-03-19 10:49:51.829  INFO 10640 --- [main] o.s.b.w.embedded.tomcat.TomcatWebServer  : Tomcat started on port(s): 8080 (http) with context path ''
2021-03-19 10:49:51.832  INFO 10640 --- [main] o.s.m.s.b.SimpleBrokerMessageHandler     : Starting...
2021-03-19 10:49:51.832  INFO 10640 --- [main] o.s.m.s.b.SimpleBrokerMessageHandler     : BrokerAvailabilityEvent[available=true, SimpleBrokerMessageHandler [org.springframework.messaging.simp.broker.DefaultSubscriptionRegistry@1d8b0500]]
2021-03-19 10:49:51.833  INFO 10640 --- [main] o.s.m.s.b.SimpleBrokerMessageHandler     : Started.
2021-03-19 10:49:51.856  INFO 10640 --- [main] c.v.s.SpringBootAngularDeviceApplication : Started SpringBootAngularDeviceApplication in 4.643 seconds (JVM running for 6.828)
2021-03-19 10:49:52.006  INFO 10640 --- [http-nio-8080-exec-1] o.a.c.c.C.[Tomcat].[localhost].[/]       : Initializing Spring DispatcherServlet 'dispatcherServlet'
2021-03-19 10:49:52.007  INFO 10640 --- [http-nio-8080-exec-1] o.s.web.servlet.DispatcherServlet        : Initializing Servlet 'dispatcherServlet'
2021-03-19 10:49:52.009  INFO 10640 --- [http-nio-8080-exec-1] o.s.web.servlet.DispatcherServlet        : Completed initialization in 2 ms
2021-03-19 10:50:51.061  INFO 10640 --- [MessageBroker-4] o.s.w.s.c.WebSocketMessageBrokerStats    : WebSocketSession[1 current WS(1)-HttpStream(0)-HttpPoll(0), 1 total, 0 closed abnormally (0 connect failure, 0 send limit, 0 transport error)], stompSubProtocol[processed CONNECT(1)-CONNECTED(1)-DISCONNECT(0)], stompBrokerRelay[null], inboundChannel[pool size = 8, active threads = 0, queued tasks = 0, completed tasks = 12], outboundChannel[pool size = 1, active threads = 0, queued tasks = 0, completed tasks = 1], sockJsScheduler[pool size = 4, active threads = 1, queued tasks = 2, completed tasks = 14]
2021-03-19 10:56:41.439  INFO 4760 --- [main] c.v.s.SpringBootAngularDeviceApplication : Starting SpringBootAngularDeviceApplication using Java 11.0.2 on DESKTOP-RUU06B6 with PID 4760 (C:\Users\KIP-PC99\IdeaProjects\spring-boot-angular-device\target\classes started by KIP-PC99 in C:\Users\KIP-PC99\IdeaProjects\spring-boot-angular-device)
2021-03-19 10:56:41.444  INFO 4760 --- [main] c.v.s.SpringBootAngularDeviceApplication : No active profile set, falling back to default profiles: default
2021-03-19 10:56:43.050  INFO 4760 --- [main] o.s.b.w.embedded.tomcat.TomcatWebServer  : Tomcat initialized with port(s): 8080 (http)
2021-03-19 10:56:43.072  INFO 4760 --- [main] o.apache.catalina.core.StandardService   : Starting service [Tomcat]
2021-03-19 10:56:43.073  INFO 4760 --- [main] org.apache.catalina.core.StandardEngine  : Starting Servlet engine: [Apache Tomcat/9.0.43]
2021-03-19 10:56:43.180  INFO 4760 --- [main] o.a.c.c.C.[Tomcat].[localhost].[/]       : Initializing Spring embedded WebApplicationContext
2021-03-19 10:56:43.180  INFO 4760 --- [main] w.s.c.ServletWebServerApplicationContext : Root WebApplicationContext: initialization completed in 1639 ms
2021-03-19 10:56:43.296  INFO 4760 --- [main] o.s.s.concurrent.ThreadPoolTaskExecutor  : Initializing ExecutorService 'clientInboundChannelExecutor'
2021-03-19 10:56:43.301  INFO 4760 --- [main] o.s.s.concurrent.ThreadPoolTaskExecutor  : Initializing ExecutorService 'clientOutboundChannelExecutor'
2021-03-19 10:56:43.314  INFO 4760 --- [main] o.s.s.c.ThreadPoolTaskScheduler          : Initializing ExecutorService 'messageBrokerTaskScheduler'
2021-03-19 10:56:43.371  INFO 4760 --- [main] o.s.s.concurrent.ThreadPoolTaskExecutor  : Initializing ExecutorService 'brokerChannelExecutor'
2021-03-19 10:56:43.773  INFO 4760 --- [main] o.s.b.w.embedded.tomcat.TomcatWebServer  : Tomcat started on port(s): 8080 (http) with context path ''
2021-03-19 10:56:43.775  INFO 4760 --- [main] o.s.m.s.b.SimpleBrokerMessageHandler     : Starting...
2021-03-19 10:56:43.776  INFO 4760 --- [main] o.s.m.s.b.SimpleBrokerMessageHandler     : BrokerAvailabilityEvent[available=true, SimpleBrokerMessageHandler [org.springframework.messaging.simp.broker.DefaultSubscriptionRegistry@2db33feb]]
2021-03-19 10:56:43.777  INFO 4760 --- [main] o.s.m.s.b.SimpleBrokerMessageHandler     : Started.
2021-03-19 10:56:43.795  INFO 4760 --- [main] c.v.s.SpringBootAngularDeviceApplication : Started SpringBootAngularDeviceApplication in 3.15 seconds (JVM running for 4.908)
2021-03-19 10:57:43.404  INFO 4760 --- [MessageBroker-1] o.s.w.s.c.WebSocketMessageBrokerStats    : WebSocketSession[0 current WS(0)-HttpStream(0)-HttpPoll(0), 0 total, 0 closed abnormally (0 connect failure, 0 send limit, 0 transport error)], stompSubProtocol[processed CONNECT(0)-CONNECTED(0)-DISCONNECT(0)], stompBrokerRelay[null], inboundChannel[pool size = 0, active threads = 0, queued tasks = 0, completed tasks = 0], outboundChannel[pool size = 0, active threads = 0, queued tasks = 0, completed tasks = 0], sockJsScheduler[pool size = 1, active threads = 1, queued tasks = 0, completed tasks = 0]
2021-03-19 10:58:04.460  INFO 4760 --- [http-nio-8080-exec-1] o.a.c.c.C.[Tomcat].[localhost].[/]       : Initializing Spring DispatcherServlet 'dispatcherServlet'
2021-03-19 10:58:04.462  INFO 4760 --- [http-nio-8080-exec-1] o.s.web.servlet.DispatcherServlet        : Initializing Servlet 'dispatcherServlet'
2021-03-19 10:58:04.467  INFO 4760 --- [http-nio-8080-exec-1] o.s.web.servlet.DispatcherServlet        : Completed initialization in 3 ms
2021-03-19 11:18:57.302 ERROR 4760 --- [clientInboundChannel-37] .WebSocketAnnotationMethodMessageHandler : Unhandled exception from message handler method

org.springframework.messaging.converter.MessageConversionException: Could not read JSON: Cannot deserialize instance of `com.vk.springbootangulardevice.model.User` out of START_ARRAY token
 at [Source: (byte[])"[object Object]"; line: 1, column: 1]; nested exception is com.fasterxml.jackson.databind.exc.MismatchedInputException: Cannot deserialize instance of `com.vk.springbootangulardevice.model.User` out of START_ARRAY token
 at [Source: (byte[])"[object Object]"; line: 1, column: 1]
	at org.springframework.messaging.converter.MappingJackson2MessageConverter.convertFromInternal(MappingJackson2MessageConverter.java:236) ~[spring-messaging-5.3.4.jar:5.3.4]
	at org.springframework.messaging.converter.AbstractMessageConverter.fromMessage(AbstractMessageConverter.java:185) ~[spring-messaging-5.3.4.jar:5.3.4]
	at org.springframework.messaging.converter.CompositeMessageConverter.fromMessage(CompositeMessageConverter.java:70) ~[spring-messaging-5.3.4.jar:5.3.4]
	at org.springframework.messaging.handler.annotation.support.PayloadMethodArgumentResolver.resolveArgument(PayloadMethodArgumentResolver.java:138) ~[spring-messaging-5.3.4.jar:5.3.4]
	at org.springframework.messaging.handler.invocation.HandlerMethodArgumentResolverComposite.resolveArgument(HandlerMethodArgumentResolverComposite.java:117) ~[spring-messaging-5.3.4.jar:5.3.4]
	at org.springframework.messaging.handler.invocation.InvocableHandlerMethod.getMethodArgumentValues(InvocableHandlerMethod.java:148) ~[spring-messaging-5.3.4.jar:5.3.4]
	at org.springframework.messaging.handler.invocation.InvocableHandlerMethod.invoke(InvocableHandlerMethod.java:116) ~[spring-messaging-5.3.4.jar:5.3.4]
	at org.springframework.messaging.handler.invocation.AbstractMethodMessageHandler.handleMatch(AbstractMethodMessageHandler.java:565) ~[spring-messaging-5.3.4.jar:5.3.4]
	at org.springframework.messaging.simp.annotation.support.SimpAnnotationMethodMessageHandler.handleMatch(SimpAnnotationMethodMessageHandler.java:511) ~[spring-messaging-5.3.4.jar:5.3.4]
	at org.springframework.messaging.simp.annotation.support.SimpAnnotationMethodMessageHandler.handleMatch(SimpAnnotationMethodMessageHandler.java:94) ~[spring-messaging-5.3.4.jar:5.3.4]
	at org.springframework.messaging.handler.invocation.AbstractMethodMessageHandler.handleMessageInternal(AbstractMethodMessageHandler.java:520) ~[spring-messaging-5.3.4.jar:5.3.4]
	at org.springframework.messaging.handler.invocation.AbstractMethodMessageHandler.handleMessage(AbstractMethodMessageHandler.java:454) ~[spring-messaging-5.3.4.jar:5.3.4]
	at org.springframework.messaging.support.ExecutorSubscribableChannel$SendTask.run(ExecutorSubscribableChannel.java:144) ~[spring-messaging-5.3.4.jar:5.3.4]
	at java.base/java.util.concurrent.ThreadPoolExecutor.runWorker(ThreadPoolExecutor.java:1128) ~[na:na]
	at java.base/java.util.concurrent.ThreadPoolExecutor$Worker.run(ThreadPoolExecutor.java:628) ~[na:na]
	at java.base/java.lang.Thread.run(Thread.java:834) ~[na:na]
Caused by: com.fasterxml.jackson.databind.exc.MismatchedInputException: Cannot deserialize instance of `com.vk.springbootangulardevice.model.User` out of START_ARRAY token
 at [Source: (byte[])"[object Object]"; line: 1, column: 1]
	at com.fasterxml.jackson.databind.exc.MismatchedInputException.from(MismatchedInputException.java:59) ~[jackson-databind-2.11.4.jar:2.11.4]
	at com.fasterxml.jackson.databind.DeserializationContext.reportInputMismatch(DeserializationContext.java:1468) ~[jackson-databind-2.11.4.jar:2.11.4]
	at com.fasterxml.jackson.databind.DeserializationContext.handleUnexpectedToken(DeserializationContext.java:1242) ~[jackson-databind-2.11.4.jar:2.11.4]
	at com.fasterxml.jackson.databind.DeserializationContext.handleUnexpectedToken(DeserializationContext.java:1190) ~[jackson-databind-2.11.4.jar:2.11.4]
	at com.fasterxml.jackson.databind.deser.BeanDeserializer._deserializeFromArray(BeanDeserializer.java:604) ~[jackson-databind-2.11.4.jar:2.11.4]
	at com.fasterxml.jackson.databind.deser.BeanDeserializer._deserializeOther(BeanDeserializer.java:190) ~[jackson-databind-2.11.4.jar:2.11.4]
	at com.fasterxml.jackson.databind.deser.BeanDeserializer.deserialize(BeanDeserializer.java:166) ~[jackson-databind-2.11.4.jar:2.11.4]
	at com.fasterxml.jackson.databind.ObjectMapper._readMapAndClose(ObjectMapper.java:4526) ~[jackson-databind-2.11.4.jar:2.11.4]
	at com.fasterxml.jackson.databind.ObjectMapper.readValue(ObjectMapper.java:3563) ~[jackson-databind-2.11.4.jar:2.11.4]
	at org.springframework.messaging.converter.MappingJackson2MessageConverter.convertFromInternal(MappingJackson2MessageConverter.java:222) ~[spring-messaging-5.3.4.jar:5.3.4]
	... 15 common frames omitted

2021-03-19 11:19:05.484 ERROR 4760 --- [clientInboundChannel-39] .WebSocketAnnotationMethodMessageHandler : Unhandled exception from message handler method

org.springframework.messaging.converter.MessageConversionException: Could not read JSON: Cannot deserialize instance of `com.vk.springbootangulardevice.model.User` out of START_ARRAY token
 at [Source: (byte[])"[object Object]"; line: 1, column: 1]; nested exception is com.fasterxml.jackson.databind.exc.MismatchedInputException: Cannot deserialize instance of `com.vk.springbootangulardevice.model.User` out of START_ARRAY token
 at [Source: (byte[])"[object Object]"; line: 1, column: 1]
	at org.springframework.messaging.converter.MappingJackson2MessageConverter.convertFromInternal(MappingJackson2MessageConverter.java:236) ~[spring-messaging-5.3.4.jar:5.3.4]
	at org.springframework.messaging.converter.AbstractMessageConverter.fromMessage(AbstractMessageConverter.java:185) ~[spring-messaging-5.3.4.jar:5.3.4]
	at org.springframework.messaging.converter.CompositeMessageConverter.fromMessage(CompositeMessageConverter.java:70) ~[spring-messaging-5.3.4.jar:5.3.4]
	at org.springframework.messaging.handler.annotation.support.PayloadMethodArgumentResolver.resolveArgument(PayloadMethodArgumentResolver.java:138) ~[spring-messaging-5.3.4.jar:5.3.4]
	at org.springframework.messaging.handler.invocation.HandlerMethodArgumentResolverComposite.resolveArgument(HandlerMethodArgumentResolverComposite.java:117) ~[spring-messaging-5.3.4.jar:5.3.4]
	at org.springframework.messaging.handler.invocation.InvocableHandlerMethod.getMethodArgumentValues(InvocableHandlerMethod.java:148) ~[spring-messaging-5.3.4.jar:5.3.4]
	at org.springframework.messaging.handler.invocation.InvocableHandlerMethod.invoke(InvocableHandlerMethod.java:116) ~[spring-messaging-5.3.4.jar:5.3.4]
	at org.springframework.messaging.handler.invocation.AbstractMethodMessageHandler.handleMatch(AbstractMethodMessageHandler.java:565) ~[spring-messaging-5.3.4.jar:5.3.4]
	at org.springframework.messaging.simp.annotation.support.SimpAnnotationMethodMessageHandler.handleMatch(SimpAnnotationMethodMessageHandler.java:511) ~[spring-messaging-5.3.4.jar:5.3.4]
	at org.springframework.messaging.simp.annotation.support.SimpAnnotationMethodMessageHandler.handleMatch(SimpAnnotationMethodMessageHandler.java:94) ~[spring-messaging-5.3.4.jar:5.3.4]
	at org.springframework.messaging.handler.invocation.AbstractMethodMessageHandler.handleMessageInternal(AbstractMethodMessageHandler.java:520) ~[spring-messaging-5.3.4.jar:5.3.4]
	at org.springframework.messaging.handler.invocation.AbstractMethodMessageHandler.handleMessage(AbstractMethodMessageHandler.java:454) ~[spring-messaging-5.3.4.jar:5.3.4]
	at org.springframework.messaging.support.ExecutorSubscribableChannel$SendTask.run(ExecutorSubscribableChannel.java:144) ~[spring-messaging-5.3.4.jar:5.3.4]
	at java.base/java.util.concurrent.ThreadPoolExecutor.runWorker(ThreadPoolExecutor.java:1128) ~[na:na]
	at java.base/java.util.concurrent.ThreadPoolExecutor$Worker.run(ThreadPoolExecutor.java:628) ~[na:na]
	at java.base/java.lang.Thread.run(Thread.java:834) ~[na:na]
Caused by: com.fasterxml.jackson.databind.exc.MismatchedInputException: Cannot deserialize instance of `com.vk.springbootangulardevice.model.User` out of START_ARRAY token
 at [Source: (byte[])"[object Object]"; line: 1, column: 1]
	at com.fasterxml.jackson.databind.exc.MismatchedInputException.from(MismatchedInputException.java:59) ~[jackson-databind-2.11.4.jar:2.11.4]
	at com.fasterxml.jackson.databind.DeserializationContext.reportInputMismatch(DeserializationContext.java:1468) ~[jackson-databind-2.11.4.jar:2.11.4]
	at com.fasterxml.jackson.databind.DeserializationContext.handleUnexpectedToken(DeserializationContext.java:1242) ~[jackson-databind-2.11.4.jar:2.11.4]
	at com.fasterxml.jackson.databind.DeserializationContext.handleUnexpectedToken(DeserializationContext.java:1190) ~[jackson-databind-2.11.4.jar:2.11.4]
	at com.fasterxml.jackson.databind.deser.BeanDeserializer._deserializeFromArray(BeanDeserializer.java:604) ~[jackson-databind-2.11.4.jar:2.11.4]
	at com.fasterxml.jackson.databind.deser.BeanDeserializer._deserializeOther(BeanDeserializer.java:190) ~[jackson-databind-2.11.4.jar:2.11.4]
	at com.fasterxml.jackson.databind.deser.BeanDeserializer.deserialize(BeanDeserializer.java:166) ~[jackson-databind-2.11.4.jar:2.11.4]
	at com.fasterxml.jackson.databind.ObjectMapper._readMapAndClose(ObjectMapper.java:4526) ~[jackson-databind-2.11.4.jar:2.11.4]
	at com.fasterxml.jackson.databind.ObjectMapper.readValue(ObjectMapper.java:3563) ~[jackson-databind-2.11.4.jar:2.11.4]
	at org.springframework.messaging.converter.MappingJackson2MessageConverter.convertFromInternal(MappingJackson2MessageConverter.java:222) ~[spring-messaging-5.3.4.jar:5.3.4]
	... 15 common frames omitted

2021-03-19 11:27:43.407  INFO 4760 --- [MessageBroker-3] o.s.w.s.c.WebSocketMessageBrokerStats    : WebSocketSession[1 current WS(1)-HttpStream(0)-HttpPoll(0), 10 total, 0 closed abnormally (0 connect failure, 0 send limit, 0 transport error)], stompSubProtocol[processed CONNECT(10)-CONNECTED(10)-DISCONNECT(0)], stompBrokerRelay[null], inboundChannel[pool size = 0, active threads = 0, queued tasks = 0, completed tasks = 141], outboundChannel[pool size = 0, active threads = 0, queued tasks = 0, completed tasks = 25], sockJsScheduler[pool size = 4, active threads = 1, queued tasks = 2, completed tasks = 422]
2021-03-19 11:38:31.603  INFO 11100 --- [main] c.v.s.SpringBootAngularDeviceApplication : Starting SpringBootAngularDeviceApplication using Java 11.0.2 on DESKTOP-RUU06B6 with PID 11100 (C:\Users\KIP-PC99\IdeaProjects\spring-boot-angular-device\target\classes started by KIP-PC99 in C:\Users\KIP-PC99\IdeaProjects\spring-boot-angular-device)
2021-03-19 11:38:31.608  INFO 11100 --- [main] c.v.s.SpringBootAngularDeviceApplication : No active profile set, falling back to default profiles: default
2021-03-19 11:38:33.465  INFO 11100 --- [main] o.s.b.w.embedded.tomcat.TomcatWebServer  : Tomcat initialized with port(s): 8080 (http)
2021-03-19 11:38:33.477  INFO 11100 --- [main] o.apache.catalina.core.StandardService   : Starting service [Tomcat]
2021-03-19 11:38:33.478  INFO 11100 --- [main] org.apache.catalina.core.StandardEngine  : Starting Servlet engine: [Apache Tomcat/9.0.43]
2021-03-19 11:38:33.582  INFO 11100 --- [main] o.a.c.c.C.[Tomcat].[localhost].[/]       : Initializing Spring embedded WebApplicationContext
2021-03-19 11:38:33.583  INFO 11100 --- [main] w.s.c.ServletWebServerApplicationContext : Root WebApplicationContext: initialization completed in 1890 ms
2021-03-19 11:38:33.698  INFO 11100 --- [main] o.s.s.concurrent.ThreadPoolTaskExecutor  : Initializing ExecutorService 'clientInboundChannelExecutor'
2021-03-19 11:38:33.703  INFO 11100 --- [main] o.s.s.concurrent.ThreadPoolTaskExecutor  : Initializing ExecutorService 'clientOutboundChannelExecutor'
2021-03-19 11:38:33.719  INFO 11100 --- [main] o.s.s.c.ThreadPoolTaskScheduler          : Initializing ExecutorService 'messageBrokerTaskScheduler'
2021-03-19 11:38:33.778  INFO 11100 --- [main] o.s.s.concurrent.ThreadPoolTaskExecutor  : Initializing ExecutorService 'brokerChannelExecutor'
2021-03-19 11:38:34.216  INFO 11100 --- [main] o.s.b.w.embedded.tomcat.TomcatWebServer  : Tomcat started on port(s): 8080 (http) with context path ''
2021-03-19 11:38:34.219  INFO 11100 --- [main] o.s.m.s.b.SimpleBrokerMessageHandler     : Starting...
2021-03-19 11:38:34.219  INFO 11100 --- [main] o.s.m.s.b.SimpleBrokerMessageHandler     : BrokerAvailabilityEvent[available=true, SimpleBrokerMessageHandler [org.springframework.messaging.simp.broker.DefaultSubscriptionRegistry@2db33feb]]
2021-03-19 11:38:34.220  INFO 11100 --- [main] o.s.m.s.b.SimpleBrokerMessageHandler     : Started.
2021-03-19 11:38:34.237  INFO 11100 --- [main] c.v.s.SpringBootAngularDeviceApplication : Started SpringBootAngularDeviceApplication in 3.433 seconds (JVM running for 5.171)
2021-03-19 11:39:30.650  INFO 11100 --- [http-nio-8080-exec-1] o.a.c.c.C.[Tomcat].[localhost].[/]       : Initializing Spring DispatcherServlet 'dispatcherServlet'
2021-03-19 11:39:30.652  INFO 11100 --- [http-nio-8080-exec-1] o.s.web.servlet.DispatcherServlet        : Initializing Servlet 'dispatcherServlet'
2021-03-19 11:39:30.654  INFO 11100 --- [http-nio-8080-exec-1] o.s.web.servlet.DispatcherServlet        : Completed initialization in 1 ms
2021-03-19 11:39:33.811  INFO 11100 --- [MessageBroker-1] o.s.w.s.c.WebSocketMessageBrokerStats    : WebSocketSession[1 current WS(1)-HttpStream(0)-HttpPoll(0), 1 total, 0 closed abnormally (0 connect failure, 0 send limit, 0 transport error)], stompSubProtocol[processed CONNECT(1)-CONNECTED(1)-DISCONNECT(0)], stompBrokerRelay[null], inboundChannel[pool size = 8, active threads = 0, queued tasks = 0, completed tasks = 9], outboundChannel[pool size = 1, active threads = 0, queued tasks = 0, completed tasks = 1], sockJsScheduler[pool size = 4, active threads = 1, queued tasks = 2, completed tasks = 1]
2021-03-19 11:39:53.699 ERROR 11100 --- [clientInboundChannel-2] .WebSocketAnnotationMethodMessageHandler : Unhandled exception from message handler method

org.springframework.messaging.converter.MessageConversionException: Could not read JSON: Cannot construct instance of `java.time.LocalDateTime` (no Creators, like default constructor, exist): no String-argument constructor/factory method to deserialize from String value ('2021-03-19T09:39:51.958Z')
 at [Source: (byte[])"{"start":"2021-03-19T09:39:51.958Z","end":"2021-03-19T09:39:46.957Z"}"; line: 1, column: 10] (through reference chain: com.vk.springbootangulardevice.model.JsonBodyLocalDateTimeFromChart["start"]); nested exception is com.fasterxml.jackson.databind.exc.InvalidDefinitionException: Cannot construct instance of `java.time.LocalDateTime` (no Creators, like default constructor, exist): no String-argument constructor/factory method to deserialize from String value ('2021-03-19T09:39:51.958Z')
 at [Source: (byte[])"{"start":"2021-03-19T09:39:51.958Z","end":"2021-03-19T09:39:46.957Z"}"; line: 1, column: 10] (through reference chain: com.vk.springbootangulardevice.model.JsonBodyLocalDateTimeFromChart["start"])
	at org.springframework.messaging.converter.MappingJackson2MessageConverter.convertFromInternal(MappingJackson2MessageConverter.java:236) ~[spring-messaging-5.3.4.jar:5.3.4]
	at org.springframework.messaging.converter.AbstractMessageConverter.fromMessage(AbstractMessageConverter.java:185) ~[spring-messaging-5.3.4.jar:5.3.4]
	at org.springframework.messaging.converter.CompositeMessageConverter.fromMessage(CompositeMessageConverter.java:70) ~[spring-messaging-5.3.4.jar:5.3.4]
	at org.springframework.messaging.handler.annotation.support.PayloadMethodArgumentResolver.resolveArgument(PayloadMethodArgumentResolver.java:138) ~[spring-messaging-5.3.4.jar:5.3.4]
	at org.springframework.messaging.handler.invocation.HandlerMethodArgumentResolverComposite.resolveArgument(HandlerMethodArgumentResolverComposite.java:117) ~[spring-messaging-5.3.4.jar:5.3.4]
	at org.springframework.messaging.handler.invocation.InvocableHandlerMethod.getMethodArgumentValues(InvocableHandlerMethod.java:148) ~[spring-messaging-5.3.4.jar:5.3.4]
	at org.springframework.messaging.handler.invocation.InvocableHandlerMethod.invoke(InvocableHandlerMethod.java:116) ~[spring-messaging-5.3.4.jar:5.3.4]
	at org.springframework.messaging.handler.invocation.AbstractMethodMessageHandler.handleMatch(AbstractMethodMessageHandler.java:565) ~[spring-messaging-5.3.4.jar:5.3.4]
	at org.springframework.messaging.simp.annotation.support.SimpAnnotationMethodMessageHandler.handleMatch(SimpAnnotationMethodMessageHandler.java:511) ~[spring-messaging-5.3.4.jar:5.3.4]
	at org.springframework.messaging.simp.annotation.support.SimpAnnotationMethodMessageHandler.handleMatch(SimpAnnotationMethodMessageHandler.java:94) ~[spring-messaging-5.3.4.jar:5.3.4]
	at org.springframework.messaging.handler.invocation.AbstractMethodMessageHandler.handleMessageInternal(AbstractMethodMessageHandler.java:520) ~[spring-messaging-5.3.4.jar:5.3.4]
	at org.springframework.messaging.handler.invocation.AbstractMethodMessageHandler.handleMessage(AbstractMethodMessageHandler.java:454) ~[spring-messaging-5.3.4.jar:5.3.4]
	at org.springframework.messaging.support.ExecutorSubscribableChannel$SendTask.run(ExecutorSubscribableChannel.java:144) ~[spring-messaging-5.3.4.jar:5.3.4]
	at java.base/java.util.concurrent.ThreadPoolExecutor.runWorker(ThreadPoolExecutor.java:1128) ~[na:na]
	at java.base/java.util.concurrent.ThreadPoolExecutor$Worker.run(ThreadPoolExecutor.java:628) ~[na:na]
	at java.base/java.lang.Thread.run(Thread.java:834) ~[na:na]
Caused by: com.fasterxml.jackson.databind.exc.InvalidDefinitionException: Cannot construct instance of `java.time.LocalDateTime` (no Creators, like default constructor, exist): no String-argument constructor/factory method to deserialize from String value ('2021-03-19T09:39:51.958Z')
 at [Source: (byte[])"{"start":"2021-03-19T09:39:51.958Z","end":"2021-03-19T09:39:46.957Z"}"; line: 1, column: 10] (through reference chain: com.vk.springbootangulardevice.model.JsonBodyLocalDateTimeFromChart["start"])
	at com.fasterxml.jackson.databind.exc.InvalidDefinitionException.from(InvalidDefinitionException.java:67) ~[jackson-databind-2.11.4.jar:2.11.4]
	at com.fasterxml.jackson.databind.DeserializationContext.reportBadDefinition(DeserializationContext.java:1615) ~[jackson-databind-2.11.4.jar:2.11.4]
	at com.fasterxml.jackson.databind.DatabindContext.reportBadDefinition(DatabindContext.java:400) ~[jackson-databind-2.11.4.jar:2.11.4]
	at com.fasterxml.jackson.databind.DeserializationContext.handleMissingInstantiator(DeserializationContext.java:1077) ~[jackson-databind-2.11.4.jar:2.11.4]
	at com.fasterxml.jackson.databind.deser.ValueInstantiator._createFromStringFallbacks(ValueInstantiator.java:371) ~[jackson-databind-2.11.4.jar:2.11.4]
	at com.fasterxml.jackson.databind.deser.std.StdValueInstantiator.createFromString(StdValueInstantiator.java:323) ~[jackson-databind-2.11.4.jar:2.11.4]
	at com.fasterxml.jackson.databind.deser.BeanDeserializerBase.deserializeFromString(BeanDeserializerBase.java:1408) ~[jackson-databind-2.11.4.jar:2.11.4]
	at com.fasterxml.jackson.databind.deser.BeanDeserializer._deserializeOther(BeanDeserializer.java:176) ~[jackson-databind-2.11.4.jar:2.11.4]
	at com.fasterxml.jackson.databind.deser.BeanDeserializer.deserialize(BeanDeserializer.java:166) ~[jackson-databind-2.11.4.jar:2.11.4]
	at com.fasterxml.jackson.databind.deser.impl.MethodProperty.deserializeAndSet(MethodProperty.java:129) ~[jackson-databind-2.11.4.jar:2.11.4]
	at com.fasterxml.jackson.databind.deser.BeanDeserializer.vanillaDeserialize(BeanDeserializer.java:293) ~[jackson-databind-2.11.4.jar:2.11.4]
	at com.fasterxml.jackson.databind.deser.BeanDeserializer.deserialize(BeanDeserializer.java:156) ~[jackson-databind-2.11.4.jar:2.11.4]
	at com.fasterxml.jackson.databind.ObjectMapper._readMapAndClose(ObjectMapper.java:4526) ~[jackson-databind-2.11.4.jar:2.11.4]
	at com.fasterxml.jackson.databind.ObjectMapper.readValue(ObjectMapper.java:3563) ~[jackson-databind-2.11.4.jar:2.11.4]
	at org.springframework.messaging.converter.MappingJackson2MessageConverter.convertFromInternal(MappingJackson2MessageConverter.java:222) ~[spring-messaging-5.3.4.jar:5.3.4]
	... 15 common frames omitted

2021-03-19 11:49:56.532  INFO 2076 --- [main] c.v.s.SpringBootAngularDeviceApplication : Starting SpringBootAngularDeviceApplication using Java 11.0.2 on DESKTOP-RUU06B6 with PID 2076 (C:\Users\KIP-PC99\IdeaProjects\spring-boot-angular-device\target\classes started by KIP-PC99 in C:\Users\KIP-PC99\IdeaProjects\spring-boot-angular-device)
2021-03-19 11:49:56.537  INFO 2076 --- [main] c.v.s.SpringBootAngularDeviceApplication : No active profile set, falling back to default profiles: default
2021-03-19 11:49:58.109  INFO 2076 --- [main] o.s.b.w.embedded.tomcat.TomcatWebServer  : Tomcat initialized with port(s): 8080 (http)
2021-03-19 11:49:58.122  INFO 2076 --- [main] o.apache.catalina.core.StandardService   : Starting service [Tomcat]
2021-03-19 11:49:58.123  INFO 2076 --- [main] org.apache.catalina.core.StandardEngine  : Starting Servlet engine: [Apache Tomcat/9.0.43]
2021-03-19 11:49:58.240  INFO 2076 --- [main] o.a.c.c.C.[Tomcat].[localhost].[/]       : Initializing Spring embedded WebApplicationContext
2021-03-19 11:49:58.240  INFO 2076 --- [main] w.s.c.ServletWebServerApplicationContext : Root WebApplicationContext: initialization completed in 1584 ms
2021-03-19 11:49:58.391  INFO 2076 --- [main] o.s.s.concurrent.ThreadPoolTaskExecutor  : Initializing ExecutorService 'clientInboundChannelExecutor'
2021-03-19 11:49:58.396  INFO 2076 --- [main] o.s.s.concurrent.ThreadPoolTaskExecutor  : Initializing ExecutorService 'clientOutboundChannelExecutor'
2021-03-19 11:49:58.411  INFO 2076 --- [main] o.s.s.c.ThreadPoolTaskScheduler          : Initializing ExecutorService 'messageBrokerTaskScheduler'
2021-03-19 11:49:58.477  INFO 2076 --- [main] o.s.s.concurrent.ThreadPoolTaskExecutor  : Initializing ExecutorService 'brokerChannelExecutor'
2021-03-19 11:49:58.909  INFO 2076 --- [main] o.s.b.w.embedded.tomcat.TomcatWebServer  : Tomcat started on port(s): 8080 (http) with context path ''
2021-03-19 11:49:58.912  INFO 2076 --- [main] o.s.m.s.b.SimpleBrokerMessageHandler     : Starting...
2021-03-19 11:49:58.913  INFO 2076 --- [main] o.s.m.s.b.SimpleBrokerMessageHandler     : BrokerAvailabilityEvent[available=true, SimpleBrokerMessageHandler [org.springframework.messaging.simp.broker.DefaultSubscriptionRegistry@163042ea]]
2021-03-19 11:49:58.913  INFO 2076 --- [main] o.s.m.s.b.SimpleBrokerMessageHandler     : Started.
2021-03-19 11:49:58.932  INFO 2076 --- [main] c.v.s.SpringBootAngularDeviceApplication : Started SpringBootAngularDeviceApplication in 3.2 seconds (JVM running for 5.001)
2021-03-19 11:50:52.295  INFO 2076 --- [http-nio-8080-exec-1] o.a.c.c.C.[Tomcat].[localhost].[/]       : Initializing Spring DispatcherServlet 'dispatcherServlet'
2021-03-19 11:50:52.314  INFO 2076 --- [http-nio-8080-exec-1] o.s.web.servlet.DispatcherServlet        : Initializing Servlet 'dispatcherServlet'
2021-03-19 11:50:52.320  INFO 2076 --- [http-nio-8080-exec-1] o.s.web.servlet.DispatcherServlet        : Completed initialization in 4 ms
2021-03-19 11:50:54.852 ERROR 2076 --- [clientInboundChannel-3] .WebSocketAnnotationMethodMessageHandler : Unhandled exception from message handler method

org.springframework.messaging.converter.MessageConversionException: Could not read JSON: Problem deserializing property 'start' (expected type: [simple type, class java.time.LocalDateTime]; actual type: `java.time.LocalDate`), problem: argument type mismatch
 at [Source: (byte[])"{"start":"2021-03-19T09:50:51.829Z","end":"2021-03-19T09:50:51.829Z"}"; line: 1, column: 10] (through reference chain: com.vk.springbootangulardevice.model.JsonBodyLocalDateTimeFromChart["start"]); nested exception is com.fasterxml.jackson.databind.JsonMappingException: Problem deserializing property 'start' (expected type: [simple type, class java.time.LocalDateTime]; actual type: `java.time.LocalDate`), problem: argument type mismatch
 at [Source: (byte[])"{"start":"2021-03-19T09:50:51.829Z","end":"2021-03-19T09:50:51.829Z"}"; line: 1, column: 10] (through reference chain: com.vk.springbootangulardevice.model.JsonBodyLocalDateTimeFromChart["start"])
	at org.springframework.messaging.converter.MappingJackson2MessageConverter.convertFromInternal(MappingJackson2MessageConverter.java:236) ~[spring-messaging-5.3.4.jar:5.3.4]
	at org.springframework.messaging.converter.AbstractMessageConverter.fromMessage(AbstractMessageConverter.java:185) ~[spring-messaging-5.3.4.jar:5.3.4]
	at org.springframework.messaging.converter.CompositeMessageConverter.fromMessage(CompositeMessageConverter.java:70) ~[spring-messaging-5.3.4.jar:5.3.4]
	at org.springframework.messaging.handler.annotation.support.PayloadMethodArgumentResolver.resolveArgument(PayloadMethodArgumentResolver.java:138) ~[spring-messaging-5.3.4.jar:5.3.4]
	at org.springframework.messaging.handler.invocation.HandlerMethodArgumentResolverComposite.resolveArgument(HandlerMethodArgumentResolverComposite.java:117) ~[spring-messaging-5.3.4.jar:5.3.4]
	at org.springframework.messaging.handler.invocation.InvocableHandlerMethod.getMethodArgumentValues(InvocableHandlerMethod.java:148) ~[spring-messaging-5.3.4.jar:5.3.4]
	at org.springframework.messaging.handler.invocation.InvocableHandlerMethod.invoke(InvocableHandlerMethod.java:116) ~[spring-messaging-5.3.4.jar:5.3.4]
	at org.springframework.messaging.handler.invocation.AbstractMethodMessageHandler.handleMatch(AbstractMethodMessageHandler.java:565) ~[spring-messaging-5.3.4.jar:5.3.4]
	at org.springframework.messaging.simp.annotation.support.SimpAnnotationMethodMessageHandler.handleMatch(SimpAnnotationMethodMessageHandler.java:511) ~[spring-messaging-5.3.4.jar:5.3.4]
	at org.springframework.messaging.simp.annotation.support.SimpAnnotationMethodMessageHandler.handleMatch(SimpAnnotationMethodMessageHandler.java:94) ~[spring-messaging-5.3.4.jar:5.3.4]
	at org.springframework.messaging.handler.invocation.AbstractMethodMessageHandler.handleMessageInternal(AbstractMethodMessageHandler.java:520) ~[spring-messaging-5.3.4.jar:5.3.4]
	at org.springframework.messaging.handler.invocation.AbstractMethodMessageHandler.handleMessage(AbstractMethodMessageHandler.java:454) ~[spring-messaging-5.3.4.jar:5.3.4]
	at org.springframework.messaging.support.ExecutorSubscribableChannel$SendTask.run(ExecutorSubscribableChannel.java:144) ~[spring-messaging-5.3.4.jar:5.3.4]
	at java.base/java.util.concurrent.ThreadPoolExecutor.runWorker(ThreadPoolExecutor.java:1128) ~[na:na]
	at java.base/java.util.concurrent.ThreadPoolExecutor$Worker.run(ThreadPoolExecutor.java:628) ~[na:na]
	at java.base/java.lang.Thread.run(Thread.java:834) ~[na:na]
Caused by: com.fasterxml.jackson.databind.JsonMappingException: Problem deserializing property 'start' (expected type: [simple type, class java.time.LocalDateTime]; actual type: `java.time.LocalDate`), problem: argument type mismatch
 at [Source: (byte[])"{"start":"2021-03-19T09:50:51.829Z","end":"2021-03-19T09:50:51.829Z"}"; line: 1, column: 10] (through reference chain: com.vk.springbootangulardevice.model.JsonBodyLocalDateTimeFromChart["start"])
	at com.fasterxml.jackson.databind.JsonMappingException.from(JsonMappingException.java:281) ~[jackson-databind-2.11.4.jar:2.11.4]
	at com.fasterxml.jackson.databind.deser.SettableBeanProperty._throwAsIOE(SettableBeanProperty.java:609) ~[jackson-databind-2.11.4.jar:2.11.4]
	at com.fasterxml.jackson.databind.deser.impl.MethodProperty.deserializeAndSet(MethodProperty.java:143) ~[jackson-databind-2.11.4.jar:2.11.4]
	at com.fasterxml.jackson.databind.deser.BeanDeserializer.deserializeFromObject(BeanDeserializer.java:371) ~[jackson-databind-2.11.4.jar:2.11.4]
	at com.fasterxml.jackson.databind.deser.BeanDeserializer.deserialize(BeanDeserializer.java:164) ~[jackson-databind-2.11.4.jar:2.11.4]
	at com.fasterxml.jackson.databind.ObjectMapper._readMapAndClose(ObjectMapper.java:4526) ~[jackson-databind-2.11.4.jar:2.11.4]
	at com.fasterxml.jackson.databind.ObjectMapper.readValue(ObjectMapper.java:3563) ~[jackson-databind-2.11.4.jar:2.11.4]
	at org.springframework.messaging.converter.MappingJackson2MessageConverter.convertFromInternal(MappingJackson2MessageConverter.java:222) ~[spring-messaging-5.3.4.jar:5.3.4]
	... 15 common frames omitted
Caused by: java.lang.IllegalArgumentException: argument type mismatch
	at java.base/jdk.internal.reflect.NativeMethodAccessorImpl.invoke0(Native Method) ~[na:na]
	at java.base/jdk.internal.reflect.NativeMethodAccessorImpl.invoke(NativeMethodAccessorImpl.java:62) ~[na:na]
	at java.base/jdk.internal.reflect.DelegatingMethodAccessorImpl.invoke(DelegatingMethodAccessorImpl.java:43) ~[na:na]
	at java.base/java.lang.reflect.Method.invoke(Method.java:566) ~[na:na]
	at com.fasterxml.jackson.databind.deser.impl.MethodProperty.deserializeAndSet(MethodProperty.java:141) ~[jackson-databind-2.11.4.jar:2.11.4]
	... 20 common frames omitted

2021-03-19 11:50:58.510  INFO 2076 --- [MessageBroker-2] o.s.w.s.c.WebSocketMessageBrokerStats    : WebSocketSession[1 current WS(1)-HttpStream(0)-HttpPoll(0), 1 total, 0 closed abnormally (0 connect failure, 0 send limit, 0 transport error)], stompSubProtocol[processed CONNECT(1)-CONNECTED(1)-DISCONNECT(0)], stompBrokerRelay[null], inboundChannel[pool size = 8, active threads = 0, queued tasks = 0, completed tasks = 12], outboundChannel[pool size = 1, active threads = 0, queued tasks = 0, completed tasks = 1], sockJsScheduler[pool size = 4, active threads = 1, queued tasks = 2, completed tasks = 2]
2021-03-19 12:10:25.892  INFO 14308 --- [main] c.v.s.SpringBootAngularDeviceApplication : Starting SpringBootAngularDeviceApplication using Java 11.0.2 on DESKTOP-RUU06B6 with PID 14308 (C:\Users\KIP-PC99\IdeaProjects\spring-boot-angular-device\target\classes started by KIP-PC99 in C:\Users\KIP-PC99\IdeaProjects\spring-boot-angular-device)
2021-03-19 12:10:25.899  INFO 14308 --- [main] c.v.s.SpringBootAngularDeviceApplication : No active profile set, falling back to default profiles: default
2021-03-19 12:10:27.510  INFO 14308 --- [main] o.s.b.w.embedded.tomcat.TomcatWebServer  : Tomcat initialized with port(s): 8080 (http)
2021-03-19 12:10:27.521  INFO 14308 --- [main] o.apache.catalina.core.StandardService   : Starting service [Tomcat]
2021-03-19 12:10:27.522  INFO 14308 --- [main] org.apache.catalina.core.StandardEngine  : Starting Servlet engine: [Apache Tomcat/9.0.43]
2021-03-19 12:10:27.633  INFO 14308 --- [main] o.a.c.c.C.[Tomcat].[localhost].[/]       : Initializing Spring embedded WebApplicationContext
2021-03-19 12:10:27.633  INFO 14308 --- [main] w.s.c.ServletWebServerApplicationContext : Root WebApplicationContext: initialization completed in 1661 ms
2021-03-19 12:10:27.772  INFO 14308 --- [main] o.s.s.concurrent.ThreadPoolTaskExecutor  : Initializing ExecutorService 'clientInboundChannelExecutor'
2021-03-19 12:10:27.778  INFO 14308 --- [main] o.s.s.concurrent.ThreadPoolTaskExecutor  : Initializing ExecutorService 'clientOutboundChannelExecutor'
2021-03-19 12:10:27.794  INFO 14308 --- [main] o.s.s.c.ThreadPoolTaskScheduler          : Initializing ExecutorService 'messageBrokerTaskScheduler'
2021-03-19 12:10:27.859  INFO 14308 --- [main] o.s.s.concurrent.ThreadPoolTaskExecutor  : Initializing ExecutorService 'brokerChannelExecutor'
2021-03-19 12:10:28.237  INFO 14308 --- [main] o.s.b.w.embedded.tomcat.TomcatWebServer  : Tomcat started on port(s): 8080 (http) with context path ''
2021-03-19 12:10:28.239  INFO 14308 --- [main] o.s.m.s.b.SimpleBrokerMessageHandler     : Starting...
2021-03-19 12:10:28.239  INFO 14308 --- [main] o.s.m.s.b.SimpleBrokerMessageHandler     : BrokerAvailabilityEvent[available=true, SimpleBrokerMessageHandler [org.springframework.messaging.simp.broker.DefaultSubscriptionRegistry@6fff46bf]]
2021-03-19 12:10:28.240  INFO 14308 --- [main] o.s.m.s.b.SimpleBrokerMessageHandler     : Started.
2021-03-19 12:10:28.254  INFO 14308 --- [main] c.v.s.SpringBootAngularDeviceApplication : Started SpringBootAngularDeviceApplication in 3.125 seconds (JVM running for 4.894)
2021-03-19 12:10:37.061  INFO 14308 --- [http-nio-8080-exec-1] o.a.c.c.C.[Tomcat].[localhost].[/]       : Initializing Spring DispatcherServlet 'dispatcherServlet'
2021-03-19 12:10:37.063  INFO 14308 --- [http-nio-8080-exec-1] o.s.web.servlet.DispatcherServlet        : Initializing Servlet 'dispatcherServlet'
2021-03-19 12:10:37.066  INFO 14308 --- [http-nio-8080-exec-1] o.s.web.servlet.DispatcherServlet        : Completed initialization in 2 ms
2021-03-19 12:11:27.891  INFO 14308 --- [MessageBroker-1] o.s.w.s.c.WebSocketMessageBrokerStats    : WebSocketSession[1 current WS(1)-HttpStream(0)-HttpPoll(0), 1 total, 0 closed abnormally (0 connect failure, 0 send limit, 0 transport error)], stompSubProtocol[processed CONNECT(1)-CONNECTED(1)-DISCONNECT(0)], stompBrokerRelay[null], inboundChannel[pool size = 8, active threads = 0, queued tasks = 0, completed tasks = 12], outboundChannel[pool size = 2, active threads = 0, queued tasks = 0, completed tasks = 2], sockJsScheduler[pool size = 4, active threads = 1, queued tasks = 2, completed tasks = 12]
2021-03-19 12:12:18.063  INFO 11052 --- [main] c.v.s.SpringBootAngularDeviceApplication : Starting SpringBootAngularDeviceApplication using Java 11.0.2 on DESKTOP-RUU06B6 with PID 11052 (C:\Users\KIP-PC99\IdeaProjects\spring-boot-angular-device\target\classes started by KIP-PC99 in C:\Users\KIP-PC99\IdeaProjects\spring-boot-angular-device)
2021-03-19 12:12:18.069  INFO 11052 --- [main] c.v.s.SpringBootAngularDeviceApplication : No active profile set, falling back to default profiles: default
2021-03-19 12:12:19.669  INFO 11052 --- [main] o.s.b.w.embedded.tomcat.TomcatWebServer  : Tomcat initialized with port(s): 8080 (http)
2021-03-19 12:12:19.684  INFO 11052 --- [main] o.apache.catalina.core.StandardService   : Starting service [Tomcat]
2021-03-19 12:12:19.685  INFO 11052 --- [main] org.apache.catalina.core.StandardEngine  : Starting Servlet engine: [Apache Tomcat/9.0.43]
2021-03-19 12:12:19.785  INFO 11052 --- [main] o.a.c.c.C.[Tomcat].[localhost].[/]       : Initializing Spring embedded WebApplicationContext
2021-03-19 12:12:19.786  INFO 11052 --- [main] w.s.c.ServletWebServerApplicationContext : Root WebApplicationContext: initialization completed in 1602 ms
2021-03-19 12:12:19.921  INFO 11052 --- [main] o.s.s.concurrent.ThreadPoolTaskExecutor  : Initializing ExecutorService 'clientInboundChannelExecutor'
2021-03-19 12:12:19.926  INFO 11052 --- [main] o.s.s.concurrent.ThreadPoolTaskExecutor  : Initializing ExecutorService 'clientOutboundChannelExecutor'
2021-03-19 12:12:19.941  INFO 11052 --- [main] o.s.s.c.ThreadPoolTaskScheduler          : Initializing ExecutorService 'messageBrokerTaskScheduler'
2021-03-19 12:12:20.000  INFO 11052 --- [main] o.s.s.concurrent.ThreadPoolTaskExecutor  : Initializing ExecutorService 'brokerChannelExecutor'
2021-03-19 12:12:20.395  INFO 11052 --- [main] o.s.b.w.embedded.tomcat.TomcatWebServer  : Tomcat started on port(s): 8080 (http) with context path ''
2021-03-19 12:12:20.397  INFO 11052 --- [main] o.s.m.s.b.SimpleBrokerMessageHandler     : Starting...
2021-03-19 12:12:20.398  INFO 11052 --- [main] o.s.m.s.b.SimpleBrokerMessageHandler     : BrokerAvailabilityEvent[available=true, SimpleBrokerMessageHandler [org.springframework.messaging.simp.broker.DefaultSubscriptionRegistry@428bdd72]]
2021-03-19 12:12:20.399  INFO 11052 --- [main] o.s.m.s.b.SimpleBrokerMessageHandler     : Started.
2021-03-19 12:12:20.417  INFO 11052 --- [main] c.v.s.SpringBootAngularDeviceApplication : Started SpringBootAngularDeviceApplication in 3.21 seconds (JVM running for 4.92)
2021-03-19 12:12:27.127  INFO 11052 --- [http-nio-8080-exec-1] o.a.c.c.C.[Tomcat].[localhost].[/]       : Initializing Spring DispatcherServlet 'dispatcherServlet'
2021-03-19 12:12:27.136  INFO 11052 --- [http-nio-8080-exec-1] o.s.web.servlet.DispatcherServlet        : Initializing Servlet 'dispatcherServlet'
2021-03-19 12:12:27.143  INFO 11052 --- [http-nio-8080-exec-1] o.s.web.servlet.DispatcherServlet        : Completed initialization in 6 ms
2021-03-19 12:13:20.033  INFO 11052 --- [MessageBroker-2] o.s.w.s.c.WebSocketMessageBrokerStats    : WebSocketSession[1 current WS(1)-HttpStream(0)-HttpPoll(0), 1 total, 0 closed abnormally (0 connect failure, 0 send limit, 0 transport error)], stompSubProtocol[processed CONNECT(1)-CONNECTED(1)-DISCONNECT(0)], stompBrokerRelay[null], inboundChannel[pool size = 8, active threads = 0, queued tasks = 0, completed tasks = 12], outboundChannel[pool size = 2, active threads = 0, queued tasks = 0, completed tasks = 2], sockJsScheduler[pool size = 4, active threads = 1, queued tasks = 2, completed tasks = 12]
2021-03-19 12:14:41.998  INFO 8400 --- [main] c.v.s.SpringBootAngularDeviceApplication : Starting SpringBootAngularDeviceApplication using Java 11.0.2 on DESKTOP-RUU06B6 with PID 8400 (C:\Users\KIP-PC99\IdeaProjects\spring-boot-angular-device\target\classes started by KIP-PC99 in C:\Users\KIP-PC99\IdeaProjects\spring-boot-angular-device)
2021-03-19 12:14:42.004  INFO 8400 --- [main] c.v.s.SpringBootAngularDeviceApplication : No active profile set, falling back to default profiles: default
2021-03-19 12:14:43.447  INFO 8400 --- [main] o.s.b.w.embedded.tomcat.TomcatWebServer  : Tomcat initialized with port(s): 8080 (http)
2021-03-19 12:14:43.471  INFO 8400 --- [main] o.apache.catalina.core.StandardService   : Starting service [Tomcat]
2021-03-19 12:14:43.472  INFO 8400 --- [main] org.apache.catalina.core.StandardEngine  : Starting Servlet engine: [Apache Tomcat/9.0.43]
2021-03-19 12:14:43.580  INFO 8400 --- [main] o.a.c.c.C.[Tomcat].[localhost].[/]       : Initializing Spring embedded WebApplicationContext
2021-03-19 12:14:43.581  INFO 8400 --- [main] w.s.c.ServletWebServerApplicationContext : Root WebApplicationContext: initialization completed in 1493 ms
2021-03-19 12:14:43.730  INFO 8400 --- [main] o.s.s.concurrent.ThreadPoolTaskExecutor  : Initializing ExecutorService 'clientInboundChannelExecutor'
2021-03-19 12:14:43.734  INFO 8400 --- [main] o.s.s.concurrent.ThreadPoolTaskExecutor  : Initializing ExecutorService 'clientOutboundChannelExecutor'
2021-03-19 12:14:43.753  INFO 8400 --- [main] o.s.s.c.ThreadPoolTaskScheduler          : Initializing ExecutorService 'messageBrokerTaskScheduler'
2021-03-19 12:14:43.840  INFO 8400 --- [main] o.s.s.concurrent.ThreadPoolTaskExecutor  : Initializing ExecutorService 'brokerChannelExecutor'
2021-03-19 12:14:44.242  INFO 8400 --- [main] o.s.b.w.embedded.tomcat.TomcatWebServer  : Tomcat started on port(s): 8080 (http) with context path ''
2021-03-19 12:14:44.245  INFO 8400 --- [main] o.s.m.s.b.SimpleBrokerMessageHandler     : Starting...
2021-03-19 12:14:44.245  INFO 8400 --- [main] o.s.m.s.b.SimpleBrokerMessageHandler     : BrokerAvailabilityEvent[available=true, SimpleBrokerMessageHandler [org.springframework.messaging.simp.broker.DefaultSubscriptionRegistry@7ddd84b5]]
2021-03-19 12:14:44.246  INFO 8400 --- [main] o.s.m.s.b.SimpleBrokerMessageHandler     : Started.
2021-03-19 12:14:44.264  INFO 8400 --- [main] c.v.s.SpringBootAngularDeviceApplication : Started SpringBootAngularDeviceApplication in 3.233 seconds (JVM running for 5.076)
2021-03-19 12:14:53.063  INFO 8400 --- [http-nio-8080-exec-1] o.a.c.c.C.[Tomcat].[localhost].[/]       : Initializing Spring DispatcherServlet 'dispatcherServlet'
2021-03-19 12:14:53.065  INFO 8400 --- [http-nio-8080-exec-1] o.s.web.servlet.DispatcherServlet        : Initializing Servlet 'dispatcherServlet'
2021-03-19 12:14:53.068  INFO 8400 --- [http-nio-8080-exec-1] o.s.web.servlet.DispatcherServlet        : Completed initialization in 3 ms
2021-03-19 12:15:43.870  INFO 8400 --- [MessageBroker-4] o.s.w.s.c.WebSocketMessageBrokerStats    : WebSocketSession[1 current WS(1)-HttpStream(0)-HttpPoll(0), 1 total, 0 closed abnormally (0 connect failure, 0 send limit, 0 transport error)], stompSubProtocol[processed CONNECT(1)-CONNECTED(1)-DISCONNECT(0)], stompBrokerRelay[null], inboundChannel[pool size = 8, active threads = 0, queued tasks = 0, completed tasks = 12], outboundChannel[pool size = 2, active threads = 0, queued tasks = 0, completed tasks = 2], sockJsScheduler[pool size = 4, active threads = 1, queued tasks = 2, completed tasks = 12]
2021-03-19 12:18:21.356  INFO 9832 --- [main] c.v.s.SpringBootAngularDeviceApplication : Starting SpringBootAngularDeviceApplication using Java 11.0.2 on DESKTOP-RUU06B6 with PID 9832 (C:\Users\KIP-PC99\IdeaProjects\spring-boot-angular-device\target\classes started by KIP-PC99 in C:\Users\KIP-PC99\IdeaProjects\spring-boot-angular-device)
2021-03-19 12:18:21.360  INFO 9832 --- [main] c.v.s.SpringBootAngularDeviceApplication : No active profile set, falling back to default profiles: default
2021-03-19 12:18:22.919  INFO 9832 --- [main] o.s.b.w.embedded.tomcat.TomcatWebServer  : Tomcat initialized with port(s): 8080 (http)
2021-03-19 12:18:22.942  INFO 9832 --- [main] o.apache.catalina.core.StandardService   : Starting service [Tomcat]
2021-03-19 12:18:22.943  INFO 9832 --- [main] org.apache.catalina.core.StandardEngine  : Starting Servlet engine: [Apache Tomcat/9.0.43]
2021-03-19 12:18:23.059  INFO 9832 --- [main] o.a.c.c.C.[Tomcat].[localhost].[/]       : Initializing Spring embedded WebApplicationContext
2021-03-19 12:18:23.059  INFO 9832 --- [main] w.s.c.ServletWebServerApplicationContext : Root WebApplicationContext: initialization completed in 1624 ms
2021-03-19 12:18:23.205  INFO 9832 --- [main] o.s.s.concurrent.ThreadPoolTaskExecutor  : Initializing ExecutorService 'clientInboundChannelExecutor'
2021-03-19 12:18:23.210  INFO 9832 --- [main] o.s.s.concurrent.ThreadPoolTaskExecutor  : Initializing ExecutorService 'clientOutboundChannelExecutor'
2021-03-19 12:18:23.224  INFO 9832 --- [main] o.s.s.c.ThreadPoolTaskScheduler          : Initializing ExecutorService 'messageBrokerTaskScheduler'
2021-03-19 12:18:23.288  INFO 9832 --- [main] o.s.s.concurrent.ThreadPoolTaskExecutor  : Initializing ExecutorService 'brokerChannelExecutor'
2021-03-19 12:18:23.676  INFO 9832 --- [main] o.s.b.w.embedded.tomcat.TomcatWebServer  : Tomcat started on port(s): 8080 (http) with context path ''
2021-03-19 12:18:23.678  INFO 9832 --- [main] o.s.m.s.b.SimpleBrokerMessageHandler     : Starting...
2021-03-19 12:18:23.679  INFO 9832 --- [main] o.s.m.s.b.SimpleBrokerMessageHandler     : BrokerAvailabilityEvent[available=true, SimpleBrokerMessageHandler [org.springframework.messaging.simp.broker.DefaultSubscriptionRegistry@431e86b1]]
2021-03-19 12:18:23.680  INFO 9832 --- [main] o.s.m.s.b.SimpleBrokerMessageHandler     : Started.
2021-03-19 12:18:23.697  INFO 9832 --- [main] c.v.s.SpringBootAngularDeviceApplication : Started SpringBootAngularDeviceApplication in 3.151 seconds (JVM running for 4.992)
2021-03-19 12:18:42.327  INFO 9832 --- [http-nio-8080-exec-1] o.a.c.c.C.[Tomcat].[localhost].[/]       : Initializing Spring DispatcherServlet 'dispatcherServlet'
2021-03-19 12:18:42.328  INFO 9832 --- [http-nio-8080-exec-1] o.s.web.servlet.DispatcherServlet        : Initializing Servlet 'dispatcherServlet'
2021-03-19 12:18:42.330  INFO 9832 --- [http-nio-8080-exec-1] o.s.web.servlet.DispatcherServlet        : Completed initialization in 1 ms
2021-03-19 12:19:23.320  INFO 9832 --- [MessageBroker-1] o.s.w.s.c.WebSocketMessageBrokerStats    : WebSocketSession[1 current WS(1)-HttpStream(0)-HttpPoll(0), 1 total, 0 closed abnormally (0 connect failure, 0 send limit, 0 transport error)], stompSubProtocol[processed CONNECT(1)-CONNECTED(1)-DISCONNECT(0)], stompBrokerRelay[null], inboundChannel[pool size = 8, active threads = 0, queued tasks = 0, completed tasks = 12], outboundChannel[pool size = 2, active threads = 0, queued tasks = 0, completed tasks = 2], sockJsScheduler[pool size = 4, active threads = 1, queued tasks = 2, completed tasks = 10]
2021-03-19 12:20:00.704  INFO 1056 --- [main] c.v.s.SpringBootAngularDeviceApplication : Starting SpringBootAngularDeviceApplication using Java 11.0.2 on DESKTOP-RUU06B6 with PID 1056 (C:\Users\KIP-PC99\IdeaProjects\spring-boot-angular-device\target\classes started by KIP-PC99 in C:\Users\KIP-PC99\IdeaProjects\spring-boot-angular-device)
2021-03-19 12:20:00.709  INFO 1056 --- [main] c.v.s.SpringBootAngularDeviceApplication : No active profile set, falling back to default profiles: default
2021-03-19 12:20:02.255  INFO 1056 --- [main] o.s.b.w.embedded.tomcat.TomcatWebServer  : Tomcat initialized with port(s): 8080 (http)
2021-03-19 12:20:02.267  INFO 1056 --- [main] o.apache.catalina.core.StandardService   : Starting service [Tomcat]
2021-03-19 12:20:02.268  INFO 1056 --- [main] org.apache.catalina.core.StandardEngine  : Starting Servlet engine: [Apache Tomcat/9.0.43]
2021-03-19 12:20:02.385  INFO 1056 --- [main] o.a.c.c.C.[Tomcat].[localhost].[/]       : Initializing Spring embedded WebApplicationContext
2021-03-19 12:20:02.386  INFO 1056 --- [main] w.s.c.ServletWebServerApplicationContext : Root WebApplicationContext: initialization completed in 1575 ms
2021-03-19 12:20:02.522  INFO 1056 --- [main] o.s.s.concurrent.ThreadPoolTaskExecutor  : Initializing ExecutorService 'clientInboundChannelExecutor'
2021-03-19 12:20:02.528  INFO 1056 --- [main] o.s.s.concurrent.ThreadPoolTaskExecutor  : Initializing ExecutorService 'clientOutboundChannelExecutor'
2021-03-19 12:20:02.544  INFO 1056 --- [main] o.s.s.c.ThreadPoolTaskScheduler          : Initializing ExecutorService 'messageBrokerTaskScheduler'
2021-03-19 12:20:02.607  INFO 1056 --- [main] o.s.s.concurrent.ThreadPoolTaskExecutor  : Initializing ExecutorService 'brokerChannelExecutor'
2021-03-19 12:20:02.994  INFO 1056 --- [main] o.s.b.w.embedded.tomcat.TomcatWebServer  : Tomcat started on port(s): 8080 (http) with context path ''
2021-03-19 12:20:02.997  INFO 1056 --- [main] o.s.m.s.b.SimpleBrokerMessageHandler     : Starting...
2021-03-19 12:20:02.997  INFO 1056 --- [main] o.s.m.s.b.SimpleBrokerMessageHandler     : BrokerAvailabilityEvent[available=true, SimpleBrokerMessageHandler [org.springframework.messaging.simp.broker.DefaultSubscriptionRegistry@2ffb3aec]]
2021-03-19 12:20:02.998  INFO 1056 --- [main] o.s.m.s.b.SimpleBrokerMessageHandler     : Started.
2021-03-19 12:20:03.014  INFO 1056 --- [main] c.v.s.SpringBootAngularDeviceApplication : Started SpringBootAngularDeviceApplication in 3.253 seconds (JVM running for 4.901)
2021-03-19 12:20:08.691  INFO 1056 --- [http-nio-8080-exec-1] o.a.c.c.C.[Tomcat].[localhost].[/]       : Initializing Spring DispatcherServlet 'dispatcherServlet'
2021-03-19 12:20:08.701  INFO 1056 --- [http-nio-8080-exec-1] o.s.web.servlet.DispatcherServlet        : Initializing Servlet 'dispatcherServlet'
2021-03-19 12:20:08.711  INFO 1056 --- [http-nio-8080-exec-1] o.s.web.servlet.DispatcherServlet        : Completed initialization in 2 ms
2021-03-19 12:21:02.641  INFO 1056 --- [MessageBroker-2] o.s.w.s.c.WebSocketMessageBrokerStats    : WebSocketSession[1 current WS(1)-HttpStream(0)-HttpPoll(0), 1 total, 0 closed abnormally (0 connect failure, 0 send limit, 0 transport error)], stompSubProtocol[processed CONNECT(1)-CONNECTED(1)-DISCONNECT(0)], stompBrokerRelay[null], inboundChannel[pool size = 8, active threads = 0, queued tasks = 0, completed tasks = 12], outboundChannel[pool size = 2, active threads = 0, queued tasks = 0, completed tasks = 2], sockJsScheduler[pool size = 4, active threads = 1, queued tasks = 2, completed tasks = 13]
2021-03-19 12:51:02.643  INFO 1056 --- [MessageBroker-1] o.s.w.s.c.WebSocketMessageBrokerStats    : WebSocketSession[1 current WS(1)-HttpStream(0)-HttpPoll(0), 1 total, 0 closed abnormally (0 connect failure, 0 send limit, 0 transport error)], stompSubProtocol[processed CONNECT(1)-CONNECTED(1)-DISCONNECT(0)], stompBrokerRelay[null], inboundChannel[pool size = 0, active threads = 0, queued tasks = 0, completed tasks = 12], outboundChannel[pool size = 0, active threads = 0, queued tasks = 0, completed tasks = 2], sockJsScheduler[pool size = 4, active threads = 1, queued tasks = 2, completed tasks = 446]
2021-03-19 13:21:02.649  INFO 1056 --- [MessageBroker-2] o.s.w.s.c.WebSocketMessageBrokerStats    : WebSocketSession[1 current WS(1)-HttpStream(0)-HttpPoll(0), 1 total, 0 closed abnormally (0 connect failure, 0 send limit, 0 transport error)], stompSubProtocol[processed CONNECT(1)-CONNECTED(1)-DISCONNECT(0)], stompBrokerRelay[null], inboundChannel[pool size = 0, active threads = 0, queued tasks = 0, completed tasks = 12], outboundChannel[pool size = 0, active threads = 0, queued tasks = 0, completed tasks = 2], sockJsScheduler[pool size = 4, active threads = 1, queued tasks = 2, completed tasks = 879]
2021-03-19 13:51:02.652  INFO 1056 --- [MessageBroker-3] o.s.w.s.c.WebSocketMessageBrokerStats    : WebSocketSession[1 current WS(1)-HttpStream(0)-HttpPoll(0), 1 total, 0 closed abnormally (0 connect failure, 0 send limit, 0 transport error)], stompSubProtocol[processed CONNECT(1)-CONNECTED(1)-DISCONNECT(0)], stompBrokerRelay[null], inboundChannel[pool size = 0, active threads = 0, queued tasks = 0, completed tasks = 12], outboundChannel[pool size = 0, active threads = 0, queued tasks = 0, completed tasks = 2], sockJsScheduler[pool size = 4, active threads = 1, queued tasks = 2, completed tasks = 1311]
2021-03-19 14:21:02.653  INFO 1056 --- [MessageBroker-2] o.s.w.s.c.WebSocketMessageBrokerStats    : WebSocketSession[1 current WS(1)-HttpStream(0)-HttpPoll(0), 7 total, 0 closed abnormally (0 connect failure, 0 send limit, 0 transport error)], stompSubProtocol[processed CONNECT(7)-CONNECTED(7)-DISCONNECT(0)], stompBrokerRelay[null], inboundChannel[pool size = 0, active threads = 0, queued tasks = 0, completed tasks = 99], outboundChannel[pool size = 0, active threads = 0, queued tasks = 0, completed tasks = 19], sockJsScheduler[pool size = 4, active threads = 1, queued tasks = 2, completed tasks = 1738]
2021-03-19 14:51:02.656  INFO 1056 --- [MessageBroker-4] o.s.w.s.c.WebSocketMessageBrokerStats    : WebSocketSession[1 current WS(1)-HttpStream(0)-HttpPoll(0), 17 total, 0 closed abnormally (0 connect failure, 0 send limit, 0 transport error)], stompSubProtocol[processed CONNECT(17)-CONNECTED(17)-DISCONNECT(0)], stompBrokerRelay[null], inboundChannel[pool size = 8, active threads = 0, queued tasks = 0, completed tasks = 225], outboundChannel[pool size = 5, active threads = 0, queued tasks = 0, completed tasks = 41], sockJsScheduler[pool size = 4, active threads = 1, queued tasks = 2, completed tasks = 2165]
2021-03-19 14:58:18.893  INFO 4216 --- [main] c.v.s.SpringBootAngularDeviceApplication : Starting SpringBootAngularDeviceApplication using Java 11.0.2 on DESKTOP-RUU06B6 with PID 4216 (C:\Users\KIP-PC99\IdeaProjects\spring-boot-angular-device\target\classes started by KIP-PC99 in C:\Users\KIP-PC99\IdeaProjects\spring-boot-angular-device)
2021-03-19 14:58:18.900  INFO 4216 --- [main] c.v.s.SpringBootAngularDeviceApplication : No active profile set, falling back to default profiles: default
2021-03-19 14:58:21.227  INFO 4216 --- [main] o.s.b.w.embedded.tomcat.TomcatWebServer  : Tomcat initialized with port(s): 8080 (http)
2021-03-19 14:58:21.244  INFO 4216 --- [main] o.apache.catalina.core.StandardService   : Starting service [Tomcat]
2021-03-19 14:58:21.245  INFO 4216 --- [main] org.apache.catalina.core.StandardEngine  : Starting Servlet engine: [Apache Tomcat/9.0.43]
2021-03-19 14:58:21.493  INFO 4216 --- [main] o.a.c.c.C.[Tomcat].[localhost].[/]       : Initializing Spring embedded WebApplicationContext
2021-03-19 14:58:21.493  INFO 4216 --- [main] w.s.c.ServletWebServerApplicationContext : Root WebApplicationContext: initialization completed in 2466 ms
2021-03-19 14:58:21.933  INFO 4216 --- [main] o.s.s.concurrent.ThreadPoolTaskExecutor  : Initializing ExecutorService 'clientInboundChannelExecutor'
2021-03-19 14:58:21.942  INFO 4216 --- [main] o.s.s.concurrent.ThreadPoolTaskExecutor  : Initializing ExecutorService 'clientOutboundChannelExecutor'
2021-03-19 14:58:21.973  INFO 4216 --- [main] o.s.s.c.ThreadPoolTaskScheduler          : Initializing ExecutorService 'messageBrokerTaskScheduler'
2021-03-19 14:58:22.070  INFO 4216 --- [main] o.s.s.concurrent.ThreadPoolTaskExecutor  : Initializing ExecutorService 'brokerChannelExecutor'
2021-03-19 14:58:22.806  INFO 4216 --- [main] o.s.b.w.embedded.tomcat.TomcatWebServer  : Tomcat started on port(s): 8080 (http) with context path ''
2021-03-19 14:58:22.809  INFO 4216 --- [main] o.s.m.s.b.SimpleBrokerMessageHandler     : Starting...
2021-03-19 14:58:22.810  INFO 4216 --- [main] o.s.m.s.b.SimpleBrokerMessageHandler     : BrokerAvailabilityEvent[available=true, SimpleBrokerMessageHandler [org.springframework.messaging.simp.broker.DefaultSubscriptionRegistry@5f36c8e3]]
2021-03-19 14:58:22.812  INFO 4216 --- [main] o.s.m.s.b.SimpleBrokerMessageHandler     : Started.
2021-03-19 14:58:22.839  INFO 4216 --- [main] c.v.s.SpringBootAngularDeviceApplication : Started SpringBootAngularDeviceApplication in 5.084 seconds (JVM running for 7.814)
2021-03-19 14:58:59.606  INFO 4216 --- [http-nio-8080-exec-1] o.a.c.c.C.[Tomcat].[localhost].[/]       : Initializing Spring DispatcherServlet 'dispatcherServlet'
2021-03-19 14:58:59.611  INFO 4216 --- [http-nio-8080-exec-1] o.s.web.servlet.DispatcherServlet        : Initializing Servlet 'dispatcherServlet'
2021-03-19 14:58:59.614  INFO 4216 --- [http-nio-8080-exec-1] o.s.web.servlet.DispatcherServlet        : Completed initialization in 2 ms
2021-03-19 14:59:22.117  INFO 4216 --- [MessageBroker-1] o.s.w.s.c.WebSocketMessageBrokerStats    : WebSocketSession[1 current WS(1)-HttpStream(0)-HttpPoll(0), 1 total, 0 closed abnormally (0 connect failure, 0 send limit, 0 transport error)], stompSubProtocol[processed CONNECT(1)-CONNECTED(1)-DISCONNECT(0)], stompBrokerRelay[null], inboundChannel[pool size = 8, active threads = 1, queued tasks = 0, completed tasks = 11], outboundChannel[pool size = 1, active threads = 0, queued tasks = 0, completed tasks = 1], sockJsScheduler[pool size = 4, active threads = 1, queued tasks = 2, completed tasks = 5]
2021-03-19 15:29:22.119  INFO 4216 --- [MessageBroker-2] o.s.w.s.c.WebSocketMessageBrokerStats    : WebSocketSession[1 current WS(1)-HttpStream(0)-HttpPoll(0), 4 total, 0 closed abnormally (0 connect failure, 0 send limit, 0 transport error)], stompSubProtocol[processed CONNECT(4)-CONNECTED(4)-DISCONNECT(0)], stompBrokerRelay[null], inboundChannel[pool size = 8, active threads = 0, queued tasks = 0, completed tasks = 60], outboundChannel[pool size = 2, active threads = 0, queued tasks = 0, completed tasks = 12], sockJsScheduler[pool size = 4, active threads = 1, queued tasks = 2, completed tasks = 433]
2021-03-19 15:59:22.120  INFO 4216 --- [MessageBroker-1] o.s.w.s.c.WebSocketMessageBrokerStats    : WebSocketSession[1 current WS(1)-HttpStream(0)-HttpPoll(0), 14 total, 0 closed abnormally (0 connect failure, 0 send limit, 0 transport error)], stompSubProtocol[processed CONNECT(14)-CONNECTED(14)-DISCONNECT(0)], stompBrokerRelay[null], inboundChannel[pool size = 0, active threads = 0, queued tasks = 0, completed tasks = 180], outboundChannel[pool size = 0, active threads = 0, queued tasks = 0, completed tasks = 32], sockJsScheduler[pool size = 4, active threads = 1, queued tasks = 2, completed tasks = 861]
2021-03-19 16:29:22.121  INFO 4216 --- [MessageBroker-2] o.s.w.s.c.WebSocketMessageBrokerStats    : WebSocketSession[1 current WS(1)-HttpStream(0)-HttpPoll(0), 18 total, 0 closed abnormally (0 connect failure, 0 send limit, 0 transport error)], stompSubProtocol[processed CONNECT(18)-CONNECTED(18)-DISCONNECT(0)], stompBrokerRelay[null], inboundChannel[pool size = 0, active threads = 0, queued tasks = 0, completed tasks = 228], outboundChannel[pool size = 0, active threads = 0, queued tasks = 0, completed tasks = 40], sockJsScheduler[pool size = 4, active threads = 1, queued tasks = 2, completed tasks = 1291]
